<!DOCTYPE html PUBLIC "-//W3C//DTD XHTML 1.1//EN" "https://www.w3.org/TR/xhtml11/DTD/xhtml11.dtd">
<html xmlns="https://www.w3.org/1999/xhtml">
<head>
<meta http-equiv="content-type" content="text/html; charset=UTF-8"/>
<title>TestNG Report</title>
<style type="text/css">table {margin-bottom:10px;border-collapse:collapse;empty-cells:show}th,td {border:1px solid #009;padding:.25em .5em}th {vertical-align:bottom}td {vertical-align:top}table a {font-weight:bold}.stripe td {background-color: #E6EBF9}.num {text-align:right}.passedodd td {background-color: #3F3}.passedeven td {background-color: #0A0}.skippedodd td {background-color: #DDD}.skippedeven td {background-color: #CCC}.failedodd td,.attn {background-color: #F33}.failedeven td,.stripe .attn {background-color: #D00}.stacktrace {white-space:pre;font-family:monospace}.totop {font-size:85%;text-align:center;border-bottom:2px solid #000}.invisible {display:none}</style>
</head>
<body>
<table>
<tr><th>Test</th><th># Passed</th><th># Skipped</th><th># Retried</th><th># Failed</th><th>Time (ms)</th><th>Included Groups</th><th>Excluded Groups</th></tr>
<tr><th colspan="8">CBoosterTestSuite</th></tr>
<tr><td><a href="#t0">SignInPagePositive</a></td><td class="num">2</td><td class="num">0</td><td class="num">0</td><td class="num attn">1</td><td class="num">70,459</td><td>SmokeTest, FunctionalNegative, FunctionalPositive, FunctionalPositive1</td><td></td></tr>
<tr class="stripe"><td><a href="#t1">SignInPageNegative</a></td><td class="num">3</td><td class="num">0</td><td class="num">0</td><td class="num attn">2</td><td class="num">151,841</td><td>SmokeTest, FunctionalNegative, FunctionalPositive, FunctionalPositive1</td><td></td></tr>
<tr><td><a href="#t2">ForgotPasswordPositive</a></td><td class="num">3</td><td class="num">0</td><td class="num">0</td><td class="num">0</td><td class="num">53,366</td><td>SmokeTest, FunctionalNegative, FunctionalPositive, FunctionalPositive1</td><td></td></tr>
<tr class="stripe"><td><a href="#t3">ForgotPasswordNegative</a></td><td class="num">0</td><td class="num">0</td><td class="num">0</td><td class="num">0</td><td class="num">3</td><td>SmokeTest, FunctionalNegative, FunctionalPositive, FunctionalPositive1</td><td></td></tr>
<tr><td><a href="#t4">DashBoardPositive</a></td><td class="num">0</td><td class="num">0</td><td class="num">0</td><td class="num attn">1</td><td class="num">55,955</td><td>SmokeTest, FunctionalNegative, FunctionalPositive, FunctionalPositive1</td><td></td></tr>
<tr><th>Total</th><th class="num">8</th><th class="num">0</th><th class="num">0</th><th class="num attn">4</th><th class="num">331,624</th><th colspan="2"></th></tr>
</table>
<table id='summary'><thead><tr><th>Class</th><th>Method</th><th>Start</th><th>Time (ms)</th></tr></thead><tbody><tr><th colspan="4">CBoosterTestSuite</th></tr></tbody><tbody id="t0"><tr><th colspan="4">SignInPagePositive &#8212; failed</th></tr><tr class="failedeven"><td rowspan="1">com.bixbytes.qa.cbooster.testcases.SignIn_Positive_Testcases</td><td><a href="#m0">checktitle_afterlogin_case</a></td><td rowspan="1">1597903355302</td><td rowspan="1">20252</td></tr><tr><th colspan="4">SignInPagePositive &#8212; passed</th></tr><tr class="passedeven"><td rowspan="2">com.bixbytes.qa.cbooster.testcases.SignIn_Positive_Testcases</td><td><a href="#m1">sign_case_valid</a></td><td rowspan="1">1597903337085</td><td rowspan="1">2281</td></tr><tr class="passedeven"><td><a href="#m2">signin_checktitle_action_case</a></td><td rowspan="1">1597903320783</td><td rowspan="1">2088</td></tr></tbody>
<tbody id="t1"><tr><th colspan="4">SignInPageNegative &#8212; failed</th></tr><tr class="failedeven"><td rowspan="2">com.bixbytes.qa.cbooster.testcases.SignIn_Negative_Cases</td><td><a href="#m3">signin_invalid_pwd_checkalert</a></td><td rowspan="1">1597903492619</td><td rowspan="1">35259</td></tr><tr class="failedeven"><td><a href="#m4">signin_invalid_unpwd_checkalert</a></td><td rowspan="1">1597903442898</td><td rowspan="1">35219</td></tr><tr><th colspan="4">SignInPageNegative &#8212; passed</th></tr><tr class="passedeven"><td rowspan="3">com.bixbytes.qa.cbooster.testcases.SignIn_Negative_Cases</td><td><a href="#m5">signin_case_invalid_pwd</a></td><td rowspan="1">1597903427083</td><td rowspan="1">1841</td></tr><tr class="passedeven"><td><a href="#m6">signin_case_invalid_unpwd</a></td><td rowspan="1">1597903407936</td><td rowspan="1">2256</td></tr><tr class="passedeven"><td><a href="#m7">signin_checktitle_action_case</a></td><td rowspan="1">1597903389892</td><td rowspan="1">2049</td></tr></tbody>
<tbody id="t2"><tr><th colspan="4">ForgotPasswordPositive &#8212; passed</th></tr><tr class="passedeven"><td rowspan="3">com.bixbytes.qa.cbooster.testcases.ForgotPassword_Positive_Testcases</td><td><a href="#m8">forgorpassword_displayed_check_case</a></td><td rowspan="1">1597903542310</td><td rowspan="1">713</td></tr><tr class="passedeven"><td><a href="#m9">forgot_password_submit_valid_case</a></td><td rowspan="1">1597903579990</td><td rowspan="1">1610</td></tr><tr class="passedeven"><td><a href="#m10">validate_forgorpwd_page_case</a></td><td rowspan="1">1597903558470</td><td rowspan="1">5830</td></tr></tbody>
<tbody id="t3"><tr><th colspan="4" class="invisible"/></tr></tbody>
<tbody id="t4"><tr><th colspan="4">DashBoardPositive &#8212; failed</th></tr><tr class="failedeven"><td rowspan="1">com.bixbytes.qa.cbooster.testcases.DashBoard_Positive_Testcases</td><td><a href="#m11">dashboard_checktitle_action_case</a></td><td rowspan="1">1597903597186</td><td rowspan="1">40066</td></tr></tbody>
</table>
<h2>SignInPagePositive</h2><h3 id="m0">com.bixbytes.qa.cbooster.testcases.SignIn_Positive_Testcases#checktitle_afterlogin_case</h3><table class="result"><tr><th>Exception</th></tr><tr><td><div class="stacktrace">org.openqa.selenium.NoSuchElementException: no such element: Unable to locate element: {&quot;method&quot;:&quot;xpath&quot;,&quot;selector&quot;:&quot;//span[contains(text(),&apos;Dashboard&apos;)]&quot;}
  (Session info: chrome=84.0.4147.135)
For documentation on this error, please visit: https://www.seleniumhq.org/exceptions/no_such_element.html
Build info: version: &apos;3.141.59&apos;, revision: &apos;e82be7d358&apos;, time: &apos;2018-11-14T08:17:03&apos;
System info: host: &apos;AVANEESH-PC&apos;, ip: &apos;192.168.225.57&apos;, os.name: &apos;Windows 7&apos;, os.arch: &apos;amd64&apos;, os.version: &apos;6.1&apos;, java.version: &apos;14.0.2&apos;
Driver info: org.openqa.selenium.chrome.ChromeDriver
Capabilities {acceptInsecureCerts: false, browserName: chrome, browserVersion: 84.0.4147.135, chrome: {chromedriverVersion: 84.0.4147.30 (48b3e868b4cc0..., userDataDir: C:\Users\OFFICE\AppData\Loc...}, goog:chromeOptions: {debuggerAddress: localhost:58510}, javascriptEnabled: true, networkConnectionEnabled: false, pageLoadStrategy: normal, platform: WINDOWS, platformName: WINDOWS, proxy: Proxy(), setWindowRect: true, strictFileInteractability: false, timeouts: {implicit: 0, pageLoad: 300000, script: 30000}, unhandledPromptBehavior: dismiss and notify, webauthn:virtualAuthenticators: true}
Session ID: 52b5bd2e26db0d585fc46751b683b6bf
*** Element info: {Using=xpath, value=//span[contains(text(),&apos;Dashboard&apos;)]}
	at org.openqa.selenium.remote.http.W3CHttpResponseCodec.createException(W3CHttpResponseCodec.java:187)
	at org.openqa.selenium.remote.http.W3CHttpResponseCodec.decode(W3CHttpResponseCodec.java:122)
	at org.openqa.selenium.remote.http.W3CHttpResponseCodec.decode(W3CHttpResponseCodec.java:49)
	at org.openqa.selenium.remote.HttpCommandExecutor.execute(HttpCommandExecutor.java:158)
	at org.openqa.selenium.remote.service.DriverCommandExecutor.execute(DriverCommandExecutor.java:83)
	at org.openqa.selenium.remote.RemoteWebDriver.execute(RemoteWebDriver.java:552)
	at org.openqa.selenium.remote.RemoteWebDriver.findElement(RemoteWebDriver.java:323)
	at org.openqa.selenium.remote.RemoteWebDriver.findElementByXPath(RemoteWebDriver.java:428)
	at org.openqa.selenium.By$ByXPath.findElement(By.java:353)
	at org.openqa.selenium.remote.RemoteWebDriver.findElement(RemoteWebDriver.java:315)
	at org.openqa.selenium.support.pagefactory.DefaultElementLocator.findElement(DefaultElementLocator.java:69)
	at org.openqa.selenium.support.pagefactory.internal.LocatingElementHandler.invoke(LocatingElementHandler.java:38)
	at com.sun.proxy.$Proxy13.isDisplayed(Unknown Source)
	at com.bixbytes.qa.cbooster.pagesactions.SignInPage.check_title_action_dashboard(SignInPage.java:65)
	at com.bixbytes.qa.cbooster.testcases.SignIn_Positive_Testcases.checktitle_afterlogin_case(SignIn_Positive_Testcases.java:65)
	at java.base/java.util.concurrent.ThreadPoolExecutor.runWorker(ThreadPoolExecutor.java:1130)
	at java.base/java.util.concurrent.ThreadPoolExecutor$Worker.run(ThreadPoolExecutor.java:630)
	at java.base/java.lang.Thread.run(Thread.java:832)
... Removed 17 stack frames</div></td></tr></table><p class="totop"><a href="#summary">back to summary</a></p>
<h3 id="m1">com.bixbytes.qa.cbooster.testcases.SignIn_Positive_Testcases#sign_case_valid</h3><table class="result"><tr><th class="invisible"/></tr></table><p class="totop"><a href="#summary">back to summary</a></p>
<h3 id="m2">com.bixbytes.qa.cbooster.testcases.SignIn_Positive_Testcases#signin_checktitle_action_case</h3><table class="result"><tr><th class="invisible"/></tr></table><p class="totop"><a href="#summary">back to summary</a></p>
<h2>SignInPageNegative</h2><h3 id="m3">com.bixbytes.qa.cbooster.testcases.SignIn_Negative_Cases#signin_invalid_pwd_checkalert</h3><table class="result"><tr><th>Exception</th></tr><tr><td><div class="stacktrace">org.openqa.selenium.NoSuchElementException: no such element: Unable to locate element: {&quot;method&quot;:&quot;xpath&quot;,&quot;selector&quot;:&quot;//p[contains(text(),&apos;Invalid Credentials&apos;)][2]&quot;}
  (Session info: chrome=84.0.4147.135)
For documentation on this error, please visit: https://www.seleniumhq.org/exceptions/no_such_element.html
Build info: version: &apos;3.141.59&apos;, revision: &apos;e82be7d358&apos;, time: &apos;2018-11-14T08:17:03&apos;
System info: host: &apos;AVANEESH-PC&apos;, ip: &apos;192.168.225.57&apos;, os.name: &apos;Windows 7&apos;, os.arch: &apos;amd64&apos;, os.version: &apos;6.1&apos;, java.version: &apos;14.0.2&apos;
Driver info: org.openqa.selenium.chrome.ChromeDriver
Capabilities {acceptInsecureCerts: false, browserName: chrome, browserVersion: 84.0.4147.135, chrome: {chromedriverVersion: 84.0.4147.30 (48b3e868b4cc0..., userDataDir: C:\Users\OFFICE\AppData\Loc...}, goog:chromeOptions: {debuggerAddress: localhost:58639}, javascriptEnabled: true, networkConnectionEnabled: false, pageLoadStrategy: normal, platform: WINDOWS, platformName: WINDOWS, proxy: Proxy(), setWindowRect: true, strictFileInteractability: false, timeouts: {implicit: 0, pageLoad: 300000, script: 30000}, unhandledPromptBehavior: dismiss and notify, webauthn:virtualAuthenticators: true}
Session ID: 305b11b4c7863f1d9dc9deb4cac9b41e
*** Element info: {Using=xpath, value=//p[contains(text(),&apos;Invalid Credentials&apos;)][2]}
	at org.openqa.selenium.remote.http.W3CHttpResponseCodec.createException(W3CHttpResponseCodec.java:187)
	at org.openqa.selenium.remote.http.W3CHttpResponseCodec.decode(W3CHttpResponseCodec.java:122)
	at org.openqa.selenium.remote.http.W3CHttpResponseCodec.decode(W3CHttpResponseCodec.java:49)
	at org.openqa.selenium.remote.HttpCommandExecutor.execute(HttpCommandExecutor.java:158)
	at org.openqa.selenium.remote.service.DriverCommandExecutor.execute(DriverCommandExecutor.java:83)
	at org.openqa.selenium.remote.RemoteWebDriver.execute(RemoteWebDriver.java:552)
	at org.openqa.selenium.remote.RemoteWebDriver.findElement(RemoteWebDriver.java:323)
	at org.openqa.selenium.remote.RemoteWebDriver.findElementByXPath(RemoteWebDriver.java:428)
	at org.openqa.selenium.By$ByXPath.findElement(By.java:353)
	at org.openqa.selenium.remote.RemoteWebDriver.findElement(RemoteWebDriver.java:315)
	at org.openqa.selenium.support.pagefactory.DefaultElementLocator.findElement(DefaultElementLocator.java:69)
	at org.openqa.selenium.support.pagefactory.internal.LocatingElementHandler.invoke(LocatingElementHandler.java:38)
	at com.sun.proxy.$Proxy13.isDisplayed(Unknown Source)
	at com.bixbytes.qa.cbooster.pagesactions.SignInPage.check_ivalidlogin_alert(SignInPage.java:79)
	at com.bixbytes.qa.cbooster.testcases.SignIn_Negative_Cases.signin_invalid_pwd_checkalert(SignIn_Negative_Cases.java:84)
	at java.base/java.util.concurrent.ThreadPoolExecutor.runWorker(ThreadPoolExecutor.java:1130)
	at java.base/java.util.concurrent.ThreadPoolExecutor$Worker.run(ThreadPoolExecutor.java:630)
	at java.base/java.lang.Thread.run(Thread.java:832)
... Removed 17 stack frames</div></td></tr></table><p class="totop"><a href="#summary">back to summary</a></p>
<h3 id="m4">com.bixbytes.qa.cbooster.testcases.SignIn_Negative_Cases#signin_invalid_unpwd_checkalert</h3><table class="result"><tr><th>Exception</th></tr><tr><td><div class="stacktrace">org.openqa.selenium.NoSuchElementException: no such element: Unable to locate element: {&quot;method&quot;:&quot;xpath&quot;,&quot;selector&quot;:&quot;//p[contains(text(),&apos;Invalid Credentials&apos;)][2]&quot;}
  (Session info: chrome=84.0.4147.135)
For documentation on this error, please visit: https://www.seleniumhq.org/exceptions/no_such_element.html
Build info: version: &apos;3.141.59&apos;, revision: &apos;e82be7d358&apos;, time: &apos;2018-11-14T08:17:03&apos;
System info: host: &apos;AVANEESH-PC&apos;, ip: &apos;192.168.225.57&apos;, os.name: &apos;Windows 7&apos;, os.arch: &apos;amd64&apos;, os.version: &apos;6.1&apos;, java.version: &apos;14.0.2&apos;
Driver info: org.openqa.selenium.chrome.ChromeDriver
Capabilities {acceptInsecureCerts: false, browserName: chrome, browserVersion: 84.0.4147.135, chrome: {chromedriverVersion: 84.0.4147.30 (48b3e868b4cc0..., userDataDir: C:\Users\OFFICE\AppData\Loc...}, goog:chromeOptions: {debuggerAddress: localhost:58613}, javascriptEnabled: true, networkConnectionEnabled: false, pageLoadStrategy: normal, platform: WINDOWS, platformName: WINDOWS, proxy: Proxy(), setWindowRect: true, strictFileInteractability: false, timeouts: {implicit: 0, pageLoad: 300000, script: 30000}, unhandledPromptBehavior: dismiss and notify, webauthn:virtualAuthenticators: true}
Session ID: 730f2f859428b49369bc397f9c1acf45
*** Element info: {Using=xpath, value=//p[contains(text(),&apos;Invalid Credentials&apos;)][2]}
	at org.openqa.selenium.remote.http.W3CHttpResponseCodec.createException(W3CHttpResponseCodec.java:187)
	at org.openqa.selenium.remote.http.W3CHttpResponseCodec.decode(W3CHttpResponseCodec.java:122)
	at org.openqa.selenium.remote.http.W3CHttpResponseCodec.decode(W3CHttpResponseCodec.java:49)
	at org.openqa.selenium.remote.HttpCommandExecutor.execute(HttpCommandExecutor.java:158)
	at org.openqa.selenium.remote.service.DriverCommandExecutor.execute(DriverCommandExecutor.java:83)
	at org.openqa.selenium.remote.RemoteWebDriver.execute(RemoteWebDriver.java:552)
	at org.openqa.selenium.remote.RemoteWebDriver.findElement(RemoteWebDriver.java:323)
	at org.openqa.selenium.remote.RemoteWebDriver.findElementByXPath(RemoteWebDriver.java:428)
	at org.openqa.selenium.By$ByXPath.findElement(By.java:353)
	at org.openqa.selenium.remote.RemoteWebDriver.findElement(RemoteWebDriver.java:315)
	at org.openqa.selenium.support.pagefactory.DefaultElementLocator.findElement(DefaultElementLocator.java:69)
	at org.openqa.selenium.support.pagefactory.internal.LocatingElementHandler.invoke(LocatingElementHandler.java:38)
	at com.sun.proxy.$Proxy13.isDisplayed(Unknown Source)
	at com.bixbytes.qa.cbooster.pagesactions.SignInPage.check_ivalidlogin_alert(SignInPage.java:79)
	at com.bixbytes.qa.cbooster.testcases.SignIn_Negative_Cases.signin_invalid_unpwd_checkalert(SignIn_Negative_Cases.java:65)
	at java.base/java.util.concurrent.ThreadPoolExecutor.runWorker(ThreadPoolExecutor.java:1130)
	at java.base/java.util.concurrent.ThreadPoolExecutor$Worker.run(ThreadPoolExecutor.java:630)
	at java.base/java.lang.Thread.run(Thread.java:832)
... Removed 17 stack frames</div></td></tr></table><p class="totop"><a href="#summary">back to summary</a></p>
<h3 id="m5">com.bixbytes.qa.cbooster.testcases.SignIn_Negative_Cases#signin_case_invalid_pwd</h3><table class="result"><tr><th class="invisible"/></tr></table><p class="totop"><a href="#summary">back to summary</a></p>
<h3 id="m6">com.bixbytes.qa.cbooster.testcases.SignIn_Negative_Cases#signin_case_invalid_unpwd</h3><table class="result"><tr><th class="invisible"/></tr></table><p class="totop"><a href="#summary">back to summary</a></p>
<h3 id="m7">com.bixbytes.qa.cbooster.testcases.SignIn_Negative_Cases#signin_checktitle_action_case</h3><table class="result"><tr><th class="invisible"/></tr></table><p class="totop"><a href="#summary">back to summary</a></p>
<h2>ForgotPasswordPositive</h2><h3 id="m8">com.bixbytes.qa.cbooster.testcases.ForgotPassword_Positive_Testcases#forgorpassword_displayed_check_case</h3><table class="result"><tr><th class="invisible"/></tr></table><p class="totop"><a href="#summary">back to summary</a></p>
<h3 id="m9">com.bixbytes.qa.cbooster.testcases.ForgotPassword_Positive_Testcases#forgot_password_submit_valid_case</h3><table class="result"><tr><th class="invisible"/></tr></table><p class="totop"><a href="#summary">back to summary</a></p>
<h3 id="m10">com.bixbytes.qa.cbooster.testcases.ForgotPassword_Positive_Testcases#validate_forgorpwd_page_case</h3><table class="result"><tr><th class="invisible"/></tr></table><p class="totop"><a href="#summary">back to summary</a></p>
<h2>ForgotPasswordNegative</h2><h2>DashBoardPositive</h2><h3 id="m11">com.bixbytes.qa.cbooster.testcases.DashBoard_Positive_Testcases#dashboard_checktitle_action_case</h3><table class="result"><tr><th>Exception</th></tr><tr><td><div class="stacktrace">org.openqa.selenium.NoSuchElementException: no such element: Unable to locate element: {&quot;method&quot;:&quot;xpath&quot;,&quot;selector&quot;:&quot;//span[contains(text(),&apos;Dashboard&apos;)]&quot;}
  (Session info: chrome=84.0.4147.135)
For documentation on this error, please visit: https://www.seleniumhq.org/exceptions/no_such_element.html
Build info: version: &apos;3.141.59&apos;, revision: &apos;e82be7d358&apos;, time: &apos;2018-11-14T08:17:03&apos;
System info: host: &apos;AVANEESH-PC&apos;, ip: &apos;192.168.225.57&apos;, os.name: &apos;Windows 7&apos;, os.arch: &apos;amd64&apos;, os.version: &apos;6.1&apos;, java.version: &apos;14.0.2&apos;
Driver info: org.openqa.selenium.chrome.ChromeDriver
Capabilities {acceptInsecureCerts: false, browserName: chrome, browserVersion: 84.0.4147.135, chrome: {chromedriverVersion: 84.0.4147.30 (48b3e868b4cc0..., userDataDir: C:\Users\OFFICE\AppData\Loc...}, goog:chromeOptions: {debuggerAddress: localhost:58751}, javascriptEnabled: true, networkConnectionEnabled: false, pageLoadStrategy: normal, platform: WINDOWS, platformName: WINDOWS, proxy: Proxy(), setWindowRect: true, strictFileInteractability: false, timeouts: {implicit: 0, pageLoad: 300000, script: 30000}, unhandledPromptBehavior: dismiss and notify, webauthn:virtualAuthenticators: true}
Session ID: 6ae48ce1aa5ddbfe2f0db2c2b947f271
*** Element info: {Using=xpath, value=//span[contains(text(),&apos;Dashboard&apos;)]}
	at org.openqa.selenium.remote.http.W3CHttpResponseCodec.createException(W3CHttpResponseCodec.java:187)
	at org.openqa.selenium.remote.http.W3CHttpResponseCodec.decode(W3CHttpResponseCodec.java:122)
	at org.openqa.selenium.remote.http.W3CHttpResponseCodec.decode(W3CHttpResponseCodec.java:49)
	at org.openqa.selenium.remote.HttpCommandExecutor.execute(HttpCommandExecutor.java:158)
	at org.openqa.selenium.remote.service.DriverCommandExecutor.execute(DriverCommandExecutor.java:83)
	at org.openqa.selenium.remote.RemoteWebDriver.execute(RemoteWebDriver.java:552)
	at org.openqa.selenium.remote.RemoteWebDriver.findElement(RemoteWebDriver.java:323)
	at org.openqa.selenium.remote.RemoteWebDriver.findElementByXPath(RemoteWebDriver.java:428)
	at org.openqa.selenium.By$ByXPath.findElement(By.java:353)
	at org.openqa.selenium.remote.RemoteWebDriver.findElement(RemoteWebDriver.java:315)
	at org.openqa.selenium.support.pagefactory.DefaultElementLocator.findElement(DefaultElementLocator.java:69)
	at org.openqa.selenium.support.pagefactory.internal.LocatingElementHandler.invoke(LocatingElementHandler.java:38)
	at com.sun.proxy.$Proxy13.isDisplayed(Unknown Source)
	at com.bixbytes.qa.cbooster.pagesactions.DashBoard.check_title_action(DashBoard.java:28)
	at com.bixbytes.qa.cbooster.testcases.DashBoard_Positive_Testcases.dashboard_checktitle_action_case(DashBoard_Positive_Testcases.java:42)
	at java.base/java.util.concurrent.ThreadPoolExecutor.runWorker(ThreadPoolExecutor.java:1130)
	at java.base/java.util.concurrent.ThreadPoolExecutor$Worker.run(ThreadPoolExecutor.java:630)
	at java.base/java.lang.Thread.run(Thread.java:832)
... Removed 17 stack frames</div></td></tr></table><p class="totop"><a href="#summary">back to summary</a></p>
</body>
</html>
