<!DOCTYPE html>

<html>
  <head>
  <meta charset='utf-8'>
  <title>TestNG reports</title>

    <link type="text/css" href="testng-reports1.css" rel="stylesheet" id="ultra" />
    <link type="text/css" href="testng-reports.css" rel="stylesheet" id="retro" disabled="false"/>
    <script type="text/javascript" src="jquery-3.4.1.min.js"></script>
    <script type="text/javascript" src="testng-reports.js"></script>
    <script type="text/javascript" src="https://www.google.com/jsapi"></script>
    <script type='text/javascript'>
      google.load('visualization', '1', {packages:['table']});
      google.setOnLoadCallback(drawTable);
      var suiteTableInitFunctions = new Array();
      var suiteTableData = new Array();
    </script>
    <!--
      <script type="text/javascript" src="jquery-ui/js/jquery-ui-1.8.16.custom.min.js"></script>
     -->
  </head>

  <body>
    <div class="top-banner-root">
      <span class="top-banner-title-font">Test results</span>
      <button id="button" class="button">Switch Retro Theme</button> <!-- button -->
      <br/>
      <span class="top-banner-font-1">1 suite, 4 failed tests</span>
    </div> <!-- top-banner-root -->
    <div class="navigator-root">
      <div class="navigator-suite-header">
        <span>All suites</span>
        <a href="#" title="Collapse/expand all the suites" class="collapse-all-link">
          <img src="collapseall.gif" class="collapse-all-icon">
          </img> <!-- collapse-all-icon -->
        </a> <!-- collapse-all-link -->
      </div> <!-- navigator-suite-header -->
      <div class="suite">
        <div class="rounded-window">
          <div class="suite-header light-rounded-window-top">
            <a href="#" panel-name="suite-CBoosterTestSuite" class="navigator-link">
              <span class="suite-name border-failed">CBoosterTestSuite</span>
            </a> <!-- navigator-link -->
          </div> <!-- suite-header light-rounded-window-top -->
          <div class="navigator-suite-content">
            <div class="suite-section-title">
              <span>Info</span>
            </div> <!-- suite-section-title -->
            <div class="suite-section-content">
              <ul>
                <li>
                  <a href="#" panel-name="test-xml-CBoosterTestSuite" class="navigator-link ">
                    <span>D:\Workspace\CBooster Project\cboostertest\testng.xml</span>
                  </a> <!-- navigator-link  -->
                </li>
                <li>
                  <a href="#" panel-name="testlist-CBoosterTestSuite" class="navigator-link ">
                    <span class="test-stats">5 tests</span>
                  </a> <!-- navigator-link  -->
                </li>
                <li>
                  <a href="#" panel-name="group-CBoosterTestSuite" class="navigator-link ">
                    <span>4 groups</span>
                  </a> <!-- navigator-link  -->
                </li>
                <li>
                  <a href="#" panel-name="times-CBoosterTestSuite" class="navigator-link ">
                    <span>Times</span>
                  </a> <!-- navigator-link  -->
                </li>
                <li>
                  <a href="#" panel-name="reporter-CBoosterTestSuite" class="navigator-link ">
                    <span>Reporter output</span>
                  </a> <!-- navigator-link  -->
                </li>
                <li>
                  <a href="#" panel-name="ignored-methods-CBoosterTestSuite" class="navigator-link ">
                    <span>Ignored methods</span>
                  </a> <!-- navigator-link  -->
                </li>
                <li>
                  <a href="#" panel-name="chronological-CBoosterTestSuite" class="navigator-link ">
                    <span>Chronological view</span>
                  </a> <!-- navigator-link  -->
                </li>
              </ul>
            </div> <!-- suite-section-content -->
            <div class="result-section">
              <div class="suite-section-title">
                <span>Results</span>
              </div> <!-- suite-section-title -->
              <div class="suite-section-content">
                <ul>
                  <li>
                    <span class="method-stats">12 methods, 4 failed,   8 passed</span>
                  </li>
                  <li>
                    <span class="method-list-title failed">Failed methods</span>
                    <span class="show-or-hide-methods failed">
                      <a href="#" panel-name="suite-CBoosterTestSuite" class="hide-methods failed suite-CBoosterTestSuite"> (hide)</a> <!-- hide-methods failed suite-CBoosterTestSuite -->
                      <a href="#" panel-name="suite-CBoosterTestSuite" class="show-methods failed suite-CBoosterTestSuite"> (show)</a> <!-- show-methods failed suite-CBoosterTestSuite -->
                    </span>
                    <div class="method-list-content failed suite-CBoosterTestSuite">
                      <span>
                        <img src="failed.png" width="3%"/>
                        <a href="#" panel-name="suite-CBoosterTestSuite" title="com.bixbytes.qa.cbooster.testcases.SignIn_Positive_Testcases" class="method navigator-link" hash-for-method="checktitle_afterlogin_case">checktitle_afterlogin_case</a> <!-- method navigator-link -->
                      </span>
                      <br/>
                      <span>
                        <img src="failed.png" width="3%"/>
                        <a href="#" panel-name="suite-CBoosterTestSuite" title="com.bixbytes.qa.cbooster.testcases.DashBoard_Positive_Testcases" class="method navigator-link" hash-for-method="dashboard_checktitle_action_case">dashboard_checktitle_action_case</a> <!-- method navigator-link -->
                      </span>
                      <br/>
                      <span>
                        <img src="failed.png" width="3%"/>
                        <a href="#" panel-name="suite-CBoosterTestSuite" title="com.bixbytes.qa.cbooster.testcases.SignIn_Negative_Cases" class="method navigator-link" hash-for-method="signin_invalid_pwd_checkalert">signin_invalid_pwd_checkalert</a> <!-- method navigator-link -->
                      </span>
                      <br/>
                      <span>
                        <img src="failed.png" width="3%"/>
                        <a href="#" panel-name="suite-CBoosterTestSuite" title="com.bixbytes.qa.cbooster.testcases.SignIn_Negative_Cases" class="method navigator-link" hash-for-method="signin_invalid_unpwd_checkalert">signin_invalid_unpwd_checkalert</a> <!-- method navigator-link -->
                      </span>
                      <br/>
                    </div> <!-- method-list-content failed suite-CBoosterTestSuite -->
                  </li>
                  <li>
                    <span class="method-list-title passed">Passed methods</span>
                    <span class="show-or-hide-methods passed">
                      <a href="#" panel-name="suite-CBoosterTestSuite" class="hide-methods passed suite-CBoosterTestSuite"> (hide)</a> <!-- hide-methods passed suite-CBoosterTestSuite -->
                      <a href="#" panel-name="suite-CBoosterTestSuite" class="show-methods passed suite-CBoosterTestSuite"> (show)</a> <!-- show-methods passed suite-CBoosterTestSuite -->
                    </span>
                    <div class="method-list-content passed suite-CBoosterTestSuite">
                      <span>
                        <img src="passed.png" width="3%"/>
                        <a href="#" panel-name="suite-CBoosterTestSuite" title="com.bixbytes.qa.cbooster.testcases.ForgotPassword_Positive_Testcases" class="method navigator-link" hash-for-method="forgorpassword_displayed_check_case">forgorpassword_displayed_check_case</a> <!-- method navigator-link -->
                      </span>
                      <br/>
                      <span>
                        <img src="passed.png" width="3%"/>
                        <a href="#" panel-name="suite-CBoosterTestSuite" title="com.bixbytes.qa.cbooster.testcases.ForgotPassword_Positive_Testcases" class="method navigator-link" hash-for-method="forgot_password_submit_valid_case">forgot_password_submit_valid_case</a> <!-- method navigator-link -->
                      </span>
                      <br/>
                      <span>
                        <img src="passed.png" width="3%"/>
                        <a href="#" panel-name="suite-CBoosterTestSuite" title="com.bixbytes.qa.cbooster.testcases.SignIn_Positive_Testcases" class="method navigator-link" hash-for-method="sign_case_valid">sign_case_valid</a> <!-- method navigator-link -->
                      </span>
                      <br/>
                      <span>
                        <img src="passed.png" width="3%"/>
                        <a href="#" panel-name="suite-CBoosterTestSuite" title="com.bixbytes.qa.cbooster.testcases.SignIn_Negative_Cases" class="method navigator-link" hash-for-method="signin_case_invalid_pwd">signin_case_invalid_pwd</a> <!-- method navigator-link -->
                      </span>
                      <br/>
                      <span>
                        <img src="passed.png" width="3%"/>
                        <a href="#" panel-name="suite-CBoosterTestSuite" title="com.bixbytes.qa.cbooster.testcases.SignIn_Negative_Cases" class="method navigator-link" hash-for-method="signin_case_invalid_unpwd">signin_case_invalid_unpwd</a> <!-- method navigator-link -->
                      </span>
                      <br/>
                      <span>
                        <img src="passed.png" width="3%"/>
                        <a href="#" panel-name="suite-CBoosterTestSuite" title="com.bixbytes.qa.cbooster.testcases.SignIn_Positive_Testcases" class="method navigator-link" hash-for-method="signin_checktitle_action_case">signin_checktitle_action_case</a> <!-- method navigator-link -->
                      </span>
                      <br/>
                      <span>
                        <img src="passed.png" width="3%"/>
                        <a href="#" panel-name="suite-CBoosterTestSuite" title="com.bixbytes.qa.cbooster.testcases.SignIn_Negative_Cases" class="method navigator-link" hash-for-method="signin_checktitle_action_case">signin_checktitle_action_case</a> <!-- method navigator-link -->
                      </span>
                      <br/>
                      <span>
                        <img src="passed.png" width="3%"/>
                        <a href="#" panel-name="suite-CBoosterTestSuite" title="com.bixbytes.qa.cbooster.testcases.ForgotPassword_Positive_Testcases" class="method navigator-link" hash-for-method="validate_forgorpwd_page_case">validate_forgorpwd_page_case</a> <!-- method navigator-link -->
                      </span>
                      <br/>
                    </div> <!-- method-list-content passed suite-CBoosterTestSuite -->
                  </li>
                </ul>
              </div> <!-- suite-section-content -->
            </div> <!-- result-section -->
          </div> <!-- navigator-suite-content -->
        </div> <!-- rounded-window -->
      </div> <!-- suite -->
    </div> <!-- navigator-root -->
    <div class="wrapper">
      <div class="main-panel-root">
        <div panel-name="suite-CBoosterTestSuite" class="panel CBoosterTestSuite">
          <div class="suite-CBoosterTestSuite-class-failed">
            <div class="main-panel-header rounded-window-top">
              <img src="failed.png"/>
              <span class="class-name">com.bixbytes.qa.cbooster.testcases.SignIn_Negative_Cases</span>
            </div> <!-- main-panel-header rounded-window-top -->
            <div class="main-panel-content rounded-window-bottom">
              <div class="method">
                <div class="method-content">
                  <a name="signin_invalid_pwd_checkalert">
                  </a> <!-- signin_invalid_pwd_checkalert -->
                  <span class="method-name">signin_invalid_pwd_checkalert</span>
                  <div class="stack-trace">org.openqa.selenium.NoSuchElementException: no such element: Unable to locate element: {&quot;method&quot;:&quot;xpath&quot;,&quot;selector&quot;:&quot;//p[contains(text(),&apos;Invalid Credentials&apos;)][2]&quot;}
  (Session info: chrome=84.0.4147.135)
For documentation on this error, please visit: https://www.seleniumhq.org/exceptions/no_such_element.html
Build info: version: &apos;3.141.59&apos;, revision: &apos;e82be7d358&apos;, time: &apos;2018-11-14T08:17:03&apos;
System info: host: &apos;AVANEESH-PC&apos;, ip: &apos;192.168.225.57&apos;, os.name: &apos;Windows 7&apos;, os.arch: &apos;amd64&apos;, os.version: &apos;6.1&apos;, java.version: &apos;14.0.2&apos;
Driver info: org.openqa.selenium.chrome.ChromeDriver
Capabilities {acceptInsecureCerts: false, browserName: chrome, browserVersion: 84.0.4147.135, chrome: {chromedriverVersion: 84.0.4147.30 (48b3e868b4cc0..., userDataDir: C:\Users\OFFICE\AppData\Loc...}, goog:chromeOptions: {debuggerAddress: localhost:58639}, javascriptEnabled: true, networkConnectionEnabled: false, pageLoadStrategy: normal, platform: WINDOWS, platformName: WINDOWS, proxy: Proxy(), setWindowRect: true, strictFileInteractability: false, timeouts: {implicit: 0, pageLoad: 300000, script: 30000}, unhandledPromptBehavior: dismiss and notify, webauthn:virtualAuthenticators: true}
Session ID: 305b11b4c7863f1d9dc9deb4cac9b41e
*** Element info: {Using=xpath, value=//p[contains(text(),&apos;Invalid Credentials&apos;)][2]}
	at org.openqa.selenium.remote.http.W3CHttpResponseCodec.createException(W3CHttpResponseCodec.java:187)
	at org.openqa.selenium.remote.http.W3CHttpResponseCodec.decode(W3CHttpResponseCodec.java:122)
	at org.openqa.selenium.remote.http.W3CHttpResponseCodec.decode(W3CHttpResponseCodec.java:49)
	at org.openqa.selenium.remote.HttpCommandExecutor.execute(HttpCommandExecutor.java:158)
	at org.openqa.selenium.remote.service.DriverCommandExecutor.execute(DriverCommandExecutor.java:83)
	at org.openqa.selenium.remote.RemoteWebDriver.execute(RemoteWebDriver.java:552)
	at org.openqa.selenium.remote.RemoteWebDriver.findElement(RemoteWebDriver.java:323)
	at org.openqa.selenium.remote.RemoteWebDriver.findElementByXPath(RemoteWebDriver.java:428)
	at org.openqa.selenium.By$ByXPath.findElement(By.java:353)
	at org.openqa.selenium.remote.RemoteWebDriver.findElement(RemoteWebDriver.java:315)
	at org.openqa.selenium.support.pagefactory.DefaultElementLocator.findElement(DefaultElementLocator.java:69)
	at org.openqa.selenium.support.pagefactory.internal.LocatingElementHandler.invoke(LocatingElementHandler.java:38)
	at com.sun.proxy.$Proxy13.isDisplayed(Unknown Source)
	at com.bixbytes.qa.cbooster.pagesactions.SignInPage.check_ivalidlogin_alert(SignInPage.java:79)
	at com.bixbytes.qa.cbooster.testcases.SignIn_Negative_Cases.signin_invalid_pwd_checkalert(SignIn_Negative_Cases.java:84)
	at java.base/java.util.concurrent.ThreadPoolExecutor.runWorker(ThreadPoolExecutor.java:1130)
	at java.base/java.util.concurrent.ThreadPoolExecutor$Worker.run(ThreadPoolExecutor.java:630)
	at java.base/java.lang.Thread.run(Thread.java:832)
... Removed 17 stack frames
</div> <!-- stack-trace -->
                </div> <!-- method-content -->
              </div> <!-- method -->
              <div class="method">
                <div class="method-content">
                  <a name="signin_invalid_unpwd_checkalert">
                  </a> <!-- signin_invalid_unpwd_checkalert -->
                  <span class="method-name">signin_invalid_unpwd_checkalert</span>
                  <div class="stack-trace">org.openqa.selenium.NoSuchElementException: no such element: Unable to locate element: {&quot;method&quot;:&quot;xpath&quot;,&quot;selector&quot;:&quot;//p[contains(text(),&apos;Invalid Credentials&apos;)][2]&quot;}
  (Session info: chrome=84.0.4147.135)
For documentation on this error, please visit: https://www.seleniumhq.org/exceptions/no_such_element.html
Build info: version: &apos;3.141.59&apos;, revision: &apos;e82be7d358&apos;, time: &apos;2018-11-14T08:17:03&apos;
System info: host: &apos;AVANEESH-PC&apos;, ip: &apos;192.168.225.57&apos;, os.name: &apos;Windows 7&apos;, os.arch: &apos;amd64&apos;, os.version: &apos;6.1&apos;, java.version: &apos;14.0.2&apos;
Driver info: org.openqa.selenium.chrome.ChromeDriver
Capabilities {acceptInsecureCerts: false, browserName: chrome, browserVersion: 84.0.4147.135, chrome: {chromedriverVersion: 84.0.4147.30 (48b3e868b4cc0..., userDataDir: C:\Users\OFFICE\AppData\Loc...}, goog:chromeOptions: {debuggerAddress: localhost:58613}, javascriptEnabled: true, networkConnectionEnabled: false, pageLoadStrategy: normal, platform: WINDOWS, platformName: WINDOWS, proxy: Proxy(), setWindowRect: true, strictFileInteractability: false, timeouts: {implicit: 0, pageLoad: 300000, script: 30000}, unhandledPromptBehavior: dismiss and notify, webauthn:virtualAuthenticators: true}
Session ID: 730f2f859428b49369bc397f9c1acf45
*** Element info: {Using=xpath, value=//p[contains(text(),&apos;Invalid Credentials&apos;)][2]}
	at org.openqa.selenium.remote.http.W3CHttpResponseCodec.createException(W3CHttpResponseCodec.java:187)
	at org.openqa.selenium.remote.http.W3CHttpResponseCodec.decode(W3CHttpResponseCodec.java:122)
	at org.openqa.selenium.remote.http.W3CHttpResponseCodec.decode(W3CHttpResponseCodec.java:49)
	at org.openqa.selenium.remote.HttpCommandExecutor.execute(HttpCommandExecutor.java:158)
	at org.openqa.selenium.remote.service.DriverCommandExecutor.execute(DriverCommandExecutor.java:83)
	at org.openqa.selenium.remote.RemoteWebDriver.execute(RemoteWebDriver.java:552)
	at org.openqa.selenium.remote.RemoteWebDriver.findElement(RemoteWebDriver.java:323)
	at org.openqa.selenium.remote.RemoteWebDriver.findElementByXPath(RemoteWebDriver.java:428)
	at org.openqa.selenium.By$ByXPath.findElement(By.java:353)
	at org.openqa.selenium.remote.RemoteWebDriver.findElement(RemoteWebDriver.java:315)
	at org.openqa.selenium.support.pagefactory.DefaultElementLocator.findElement(DefaultElementLocator.java:69)
	at org.openqa.selenium.support.pagefactory.internal.LocatingElementHandler.invoke(LocatingElementHandler.java:38)
	at com.sun.proxy.$Proxy13.isDisplayed(Unknown Source)
	at com.bixbytes.qa.cbooster.pagesactions.SignInPage.check_ivalidlogin_alert(SignInPage.java:79)
	at com.bixbytes.qa.cbooster.testcases.SignIn_Negative_Cases.signin_invalid_unpwd_checkalert(SignIn_Negative_Cases.java:65)
	at java.base/java.util.concurrent.ThreadPoolExecutor.runWorker(ThreadPoolExecutor.java:1130)
	at java.base/java.util.concurrent.ThreadPoolExecutor$Worker.run(ThreadPoolExecutor.java:630)
	at java.base/java.lang.Thread.run(Thread.java:832)
... Removed 17 stack frames
</div> <!-- stack-trace -->
                </div> <!-- method-content -->
              </div> <!-- method -->
            </div> <!-- main-panel-content rounded-window-bottom -->
          </div> <!-- suite-CBoosterTestSuite-class-failed -->
          <div class="suite-CBoosterTestSuite-class-failed">
            <div class="main-panel-header rounded-window-top">
              <img src="failed.png"/>
              <span class="class-name">com.bixbytes.qa.cbooster.testcases.DashBoard_Positive_Testcases</span>
            </div> <!-- main-panel-header rounded-window-top -->
            <div class="main-panel-content rounded-window-bottom">
              <div class="method">
                <div class="method-content">
                  <a name="dashboard_checktitle_action_case">
                  </a> <!-- dashboard_checktitle_action_case -->
                  <span class="method-name">dashboard_checktitle_action_case</span>
                  <div class="stack-trace">org.openqa.selenium.NoSuchElementException: no such element: Unable to locate element: {&quot;method&quot;:&quot;xpath&quot;,&quot;selector&quot;:&quot;//span[contains(text(),&apos;Dashboard&apos;)]&quot;}
  (Session info: chrome=84.0.4147.135)
For documentation on this error, please visit: https://www.seleniumhq.org/exceptions/no_such_element.html
Build info: version: &apos;3.141.59&apos;, revision: &apos;e82be7d358&apos;, time: &apos;2018-11-14T08:17:03&apos;
System info: host: &apos;AVANEESH-PC&apos;, ip: &apos;192.168.225.57&apos;, os.name: &apos;Windows 7&apos;, os.arch: &apos;amd64&apos;, os.version: &apos;6.1&apos;, java.version: &apos;14.0.2&apos;
Driver info: org.openqa.selenium.chrome.ChromeDriver
Capabilities {acceptInsecureCerts: false, browserName: chrome, browserVersion: 84.0.4147.135, chrome: {chromedriverVersion: 84.0.4147.30 (48b3e868b4cc0..., userDataDir: C:\Users\OFFICE\AppData\Loc...}, goog:chromeOptions: {debuggerAddress: localhost:58751}, javascriptEnabled: true, networkConnectionEnabled: false, pageLoadStrategy: normal, platform: WINDOWS, platformName: WINDOWS, proxy: Proxy(), setWindowRect: true, strictFileInteractability: false, timeouts: {implicit: 0, pageLoad: 300000, script: 30000}, unhandledPromptBehavior: dismiss and notify, webauthn:virtualAuthenticators: true}
Session ID: 6ae48ce1aa5ddbfe2f0db2c2b947f271
*** Element info: {Using=xpath, value=//span[contains(text(),&apos;Dashboard&apos;)]}
	at org.openqa.selenium.remote.http.W3CHttpResponseCodec.createException(W3CHttpResponseCodec.java:187)
	at org.openqa.selenium.remote.http.W3CHttpResponseCodec.decode(W3CHttpResponseCodec.java:122)
	at org.openqa.selenium.remote.http.W3CHttpResponseCodec.decode(W3CHttpResponseCodec.java:49)
	at org.openqa.selenium.remote.HttpCommandExecutor.execute(HttpCommandExecutor.java:158)
	at org.openqa.selenium.remote.service.DriverCommandExecutor.execute(DriverCommandExecutor.java:83)
	at org.openqa.selenium.remote.RemoteWebDriver.execute(RemoteWebDriver.java:552)
	at org.openqa.selenium.remote.RemoteWebDriver.findElement(RemoteWebDriver.java:323)
	at org.openqa.selenium.remote.RemoteWebDriver.findElementByXPath(RemoteWebDriver.java:428)
	at org.openqa.selenium.By$ByXPath.findElement(By.java:353)
	at org.openqa.selenium.remote.RemoteWebDriver.findElement(RemoteWebDriver.java:315)
	at org.openqa.selenium.support.pagefactory.DefaultElementLocator.findElement(DefaultElementLocator.java:69)
	at org.openqa.selenium.support.pagefactory.internal.LocatingElementHandler.invoke(LocatingElementHandler.java:38)
	at com.sun.proxy.$Proxy13.isDisplayed(Unknown Source)
	at com.bixbytes.qa.cbooster.pagesactions.DashBoard.check_title_action(DashBoard.java:28)
	at com.bixbytes.qa.cbooster.testcases.DashBoard_Positive_Testcases.dashboard_checktitle_action_case(DashBoard_Positive_Testcases.java:42)
	at java.base/java.util.concurrent.ThreadPoolExecutor.runWorker(ThreadPoolExecutor.java:1130)
	at java.base/java.util.concurrent.ThreadPoolExecutor$Worker.run(ThreadPoolExecutor.java:630)
	at java.base/java.lang.Thread.run(Thread.java:832)
... Removed 17 stack frames
</div> <!-- stack-trace -->
                </div> <!-- method-content -->
              </div> <!-- method -->
            </div> <!-- main-panel-content rounded-window-bottom -->
          </div> <!-- suite-CBoosterTestSuite-class-failed -->
          <div class="suite-CBoosterTestSuite-class-failed">
            <div class="main-panel-header rounded-window-top">
              <img src="failed.png"/>
              <span class="class-name">com.bixbytes.qa.cbooster.testcases.SignIn_Positive_Testcases</span>
            </div> <!-- main-panel-header rounded-window-top -->
            <div class="main-panel-content rounded-window-bottom">
              <div class="method">
                <div class="method-content">
                  <a name="checktitle_afterlogin_case">
                  </a> <!-- checktitle_afterlogin_case -->
                  <span class="method-name">checktitle_afterlogin_case</span>
                  <div class="stack-trace">org.openqa.selenium.NoSuchElementException: no such element: Unable to locate element: {&quot;method&quot;:&quot;xpath&quot;,&quot;selector&quot;:&quot;//span[contains(text(),&apos;Dashboard&apos;)]&quot;}
  (Session info: chrome=84.0.4147.135)
For documentation on this error, please visit: https://www.seleniumhq.org/exceptions/no_such_element.html
Build info: version: &apos;3.141.59&apos;, revision: &apos;e82be7d358&apos;, time: &apos;2018-11-14T08:17:03&apos;
System info: host: &apos;AVANEESH-PC&apos;, ip: &apos;192.168.225.57&apos;, os.name: &apos;Windows 7&apos;, os.arch: &apos;amd64&apos;, os.version: &apos;6.1&apos;, java.version: &apos;14.0.2&apos;
Driver info: org.openqa.selenium.chrome.ChromeDriver
Capabilities {acceptInsecureCerts: false, browserName: chrome, browserVersion: 84.0.4147.135, chrome: {chromedriverVersion: 84.0.4147.30 (48b3e868b4cc0..., userDataDir: C:\Users\OFFICE\AppData\Loc...}, goog:chromeOptions: {debuggerAddress: localhost:58510}, javascriptEnabled: true, networkConnectionEnabled: false, pageLoadStrategy: normal, platform: WINDOWS, platformName: WINDOWS, proxy: Proxy(), setWindowRect: true, strictFileInteractability: false, timeouts: {implicit: 0, pageLoad: 300000, script: 30000}, unhandledPromptBehavior: dismiss and notify, webauthn:virtualAuthenticators: true}
Session ID: 52b5bd2e26db0d585fc46751b683b6bf
*** Element info: {Using=xpath, value=//span[contains(text(),&apos;Dashboard&apos;)]}
	at org.openqa.selenium.remote.http.W3CHttpResponseCodec.createException(W3CHttpResponseCodec.java:187)
	at org.openqa.selenium.remote.http.W3CHttpResponseCodec.decode(W3CHttpResponseCodec.java:122)
	at org.openqa.selenium.remote.http.W3CHttpResponseCodec.decode(W3CHttpResponseCodec.java:49)
	at org.openqa.selenium.remote.HttpCommandExecutor.execute(HttpCommandExecutor.java:158)
	at org.openqa.selenium.remote.service.DriverCommandExecutor.execute(DriverCommandExecutor.java:83)
	at org.openqa.selenium.remote.RemoteWebDriver.execute(RemoteWebDriver.java:552)
	at org.openqa.selenium.remote.RemoteWebDriver.findElement(RemoteWebDriver.java:323)
	at org.openqa.selenium.remote.RemoteWebDriver.findElementByXPath(RemoteWebDriver.java:428)
	at org.openqa.selenium.By$ByXPath.findElement(By.java:353)
	at org.openqa.selenium.remote.RemoteWebDriver.findElement(RemoteWebDriver.java:315)
	at org.openqa.selenium.support.pagefactory.DefaultElementLocator.findElement(DefaultElementLocator.java:69)
	at org.openqa.selenium.support.pagefactory.internal.LocatingElementHandler.invoke(LocatingElementHandler.java:38)
	at com.sun.proxy.$Proxy13.isDisplayed(Unknown Source)
	at com.bixbytes.qa.cbooster.pagesactions.SignInPage.check_title_action_dashboard(SignInPage.java:65)
	at com.bixbytes.qa.cbooster.testcases.SignIn_Positive_Testcases.checktitle_afterlogin_case(SignIn_Positive_Testcases.java:65)
	at java.base/java.util.concurrent.ThreadPoolExecutor.runWorker(ThreadPoolExecutor.java:1130)
	at java.base/java.util.concurrent.ThreadPoolExecutor$Worker.run(ThreadPoolExecutor.java:630)
	at java.base/java.lang.Thread.run(Thread.java:832)
... Removed 17 stack frames
</div> <!-- stack-trace -->
                </div> <!-- method-content -->
              </div> <!-- method -->
            </div> <!-- main-panel-content rounded-window-bottom -->
          </div> <!-- suite-CBoosterTestSuite-class-failed -->
          <div class="suite-CBoosterTestSuite-class-passed">
            <div class="main-panel-header rounded-window-top">
              <img src="passed.png"/>
              <span class="class-name">com.bixbytes.qa.cbooster.testcases.ForgotPassword_Positive_Testcases</span>
            </div> <!-- main-panel-header rounded-window-top -->
            <div class="main-panel-content rounded-window-bottom">
              <div class="method">
                <div class="method-content">
                  <a name="forgorpassword_displayed_check_case">
                  </a> <!-- forgorpassword_displayed_check_case -->
                  <span class="method-name">forgorpassword_displayed_check_case</span>
                </div> <!-- method-content -->
              </div> <!-- method -->
              <div class="method">
                <div class="method-content">
                  <a name="forgot_password_submit_valid_case">
                  </a> <!-- forgot_password_submit_valid_case -->
                  <span class="method-name">forgot_password_submit_valid_case</span>
                </div> <!-- method-content -->
              </div> <!-- method -->
              <div class="method">
                <div class="method-content">
                  <a name="validate_forgorpwd_page_case">
                  </a> <!-- validate_forgorpwd_page_case -->
                  <span class="method-name">validate_forgorpwd_page_case</span>
                </div> <!-- method-content -->
              </div> <!-- method -->
            </div> <!-- main-panel-content rounded-window-bottom -->
          </div> <!-- suite-CBoosterTestSuite-class-passed -->
          <div class="suite-CBoosterTestSuite-class-passed">
            <div class="main-panel-header rounded-window-top">
              <img src="passed.png"/>
              <span class="class-name">com.bixbytes.qa.cbooster.testcases.SignIn_Negative_Cases</span>
            </div> <!-- main-panel-header rounded-window-top -->
            <div class="main-panel-content rounded-window-bottom">
              <div class="method">
                <div class="method-content">
                  <a name="signin_case_invalid_pwd">
                  </a> <!-- signin_case_invalid_pwd -->
                  <span class="method-name">signin_case_invalid_pwd</span>
                </div> <!-- method-content -->
              </div> <!-- method -->
              <div class="method">
                <div class="method-content">
                  <a name="signin_case_invalid_unpwd">
                  </a> <!-- signin_case_invalid_unpwd -->
                  <span class="method-name">signin_case_invalid_unpwd</span>
                </div> <!-- method-content -->
              </div> <!-- method -->
              <div class="method">
                <div class="method-content">
                  <a name="signin_checktitle_action_case">
                  </a> <!-- signin_checktitle_action_case -->
                  <span class="method-name">signin_checktitle_action_case</span>
                </div> <!-- method-content -->
              </div> <!-- method -->
            </div> <!-- main-panel-content rounded-window-bottom -->
          </div> <!-- suite-CBoosterTestSuite-class-passed -->
          <div class="suite-CBoosterTestSuite-class-passed">
            <div class="main-panel-header rounded-window-top">
              <img src="passed.png"/>
              <span class="class-name">com.bixbytes.qa.cbooster.testcases.SignIn_Positive_Testcases</span>
            </div> <!-- main-panel-header rounded-window-top -->
            <div class="main-panel-content rounded-window-bottom">
              <div class="method">
                <div class="method-content">
                  <a name="sign_case_valid">
                  </a> <!-- sign_case_valid -->
                  <span class="method-name">sign_case_valid</span>
                </div> <!-- method-content -->
              </div> <!-- method -->
              <div class="method">
                <div class="method-content">
                  <a name="signin_checktitle_action_case">
                  </a> <!-- signin_checktitle_action_case -->
                  <span class="method-name">signin_checktitle_action_case</span>
                </div> <!-- method-content -->
              </div> <!-- method -->
            </div> <!-- main-panel-content rounded-window-bottom -->
          </div> <!-- suite-CBoosterTestSuite-class-passed -->
        </div> <!-- panel CBoosterTestSuite -->
        <div panel-name="test-xml-CBoosterTestSuite" class="panel">
          <div class="main-panel-header rounded-window-top">
            <span class="header-content">D:\Workspace\CBooster Project\cboostertest\testng.xml</span>
          </div> <!-- main-panel-header rounded-window-top -->
          <div class="main-panel-content rounded-window-bottom">
            <pre>
&lt;?xml version=&quot;1.0&quot; encoding=&quot;UTF-8&quot;?&gt;
&lt;!DOCTYPE suite SYSTEM &quot;https://testng.org/testng-1.0.dtd&quot;&gt;
&lt;suite parallel=&quot;classes&quot; name=&quot;CBoosterTestSuite&quot; guice-stage=&quot;DEVELOPMENT&quot;&gt;
  &lt;groups&gt;
    &lt;run&gt;
      &lt;include name=&quot;SmokeTest&quot;/&gt;
      &lt;include name=&quot;FunctionalPositive&quot;/&gt;
      &lt;include name=&quot;FunctionalNegative&quot;/&gt;
      &lt;include name=&quot;FunctionalPositive1&quot;/&gt;
    &lt;/run&gt;
  &lt;/groups&gt;
  &lt;listeners&gt;
    &lt;listener class-name=&quot;com.bixbytes.qa.cbooster.utilities.ExtentReportNG&quot;/&gt;
    &lt;listener class-name=&quot;com.bixbytes.qa.cbooster.utilities.ITestListner&quot;/&gt;
  &lt;/listeners&gt;
  &lt;test thread-count=&quot;5&quot; parallel=&quot;classes&quot; name=&quot;SignInPagePositive&quot;&gt;
    &lt;classes&gt;
      &lt;class name=&quot;com.bixbytes.qa.cbooster.testcases.SignIn_Positive_Testcases&quot;/&gt;
    &lt;/classes&gt;
  &lt;/test&gt; &lt;!-- SignInPagePositive --&gt;
  &lt;test thread-count=&quot;5&quot; parallel=&quot;classes&quot; name=&quot;SignInPageNegative&quot;&gt;
    &lt;classes&gt;
      &lt;class name=&quot;com.bixbytes.qa.cbooster.testcases.SignIn_Negative_Cases&quot;/&gt;
    &lt;/classes&gt;
  &lt;/test&gt; &lt;!-- SignInPageNegative --&gt;
  &lt;test thread-count=&quot;5&quot; parallel=&quot;classes&quot; name=&quot;ForgotPasswordPositive&quot;&gt;
    &lt;classes&gt;
      &lt;class name=&quot;com.bixbytes.qa.cbooster.testcases.ForgotPassword_Positive_Testcases&quot;/&gt;
    &lt;/classes&gt;
  &lt;/test&gt; &lt;!-- ForgotPasswordPositive --&gt;
  &lt;test thread-count=&quot;5&quot; parallel=&quot;classes&quot; name=&quot;ForgotPasswordNegative&quot;&gt;
    &lt;classes&gt;
      &lt;class name=&quot;com.bixbytes.qa.cbooster.testcases.Forgotpassword_Negative_Testcases&quot;/&gt;
    &lt;/classes&gt;
  &lt;/test&gt; &lt;!-- ForgotPasswordNegative --&gt;
  &lt;test thread-count=&quot;5&quot; parallel=&quot;classes&quot; name=&quot;DashBoardPositive&quot;&gt;
    &lt;classes&gt;
      &lt;class name=&quot;com.bixbytes.qa.cbooster.testcases.DashBoard_Positive_Testcases&quot;/&gt;
    &lt;/classes&gt;
  &lt;/test&gt; &lt;!-- DashBoardPositive --&gt;
&lt;/suite&gt; &lt;!-- CBoosterTestSuite --&gt;
            </pre>
          </div> <!-- main-panel-content rounded-window-bottom -->
        </div> <!-- panel -->
        <div panel-name="testlist-CBoosterTestSuite" class="panel">
          <div class="main-panel-header rounded-window-top">
            <span class="header-content">Tests for CBoosterTestSuite</span>
          </div> <!-- main-panel-header rounded-window-top -->
          <div class="main-panel-content rounded-window-bottom">
            <ul>
              <li>
                <span class="test-name">SignInPagePositive (1 class)</span>
              </li>
              <li>
                <span class="test-name">SignInPageNegative (1 class)</span>
              </li>
              <li>
                <span class="test-name">ForgotPasswordPositive (1 class)</span>
              </li>
              <li>
                <span class="test-name">ForgotPasswordNegative (1 class)</span>
              </li>
              <li>
                <span class="test-name">DashBoardPositive (1 class)</span>
              </li>
            </ul>
          </div> <!-- main-panel-content rounded-window-bottom -->
        </div> <!-- panel -->
        <div panel-name="group-CBoosterTestSuite" class="panel">
          <div class="main-panel-header rounded-window-top">
            <span class="header-content">Groups for CBoosterTestSuite</span>
          </div> <!-- main-panel-header rounded-window-top -->
          <div class="main-panel-content rounded-window-bottom">
            <div class="test-group">
              <span class="test-group-name">FunctionalNegative</span>
              <br/>
              <div class="method-in-group">
                <span class="method-in-group-name">signin_case_invalid_pwd</span>
                <br/>
              </div> <!-- method-in-group -->
              <div class="method-in-group">
                <span class="method-in-group-name">signin_case_invalid_unpwd</span>
                <br/>
              </div> <!-- method-in-group -->
              <div class="method-in-group">
                <span class="method-in-group-name">signin_invalid_pwd_checkalert</span>
                <br/>
              </div> <!-- method-in-group -->
              <div class="method-in-group">
                <span class="method-in-group-name">signin_invalid_unpwd_checkalert</span>
                <br/>
              </div> <!-- method-in-group -->
            </div> <!-- test-group -->
            <div class="test-group">
              <span class="test-group-name">FunctionalPositive</span>
              <br/>
              <div class="method-in-group">
                <span class="method-in-group-name">checktitle_afterlogin_case</span>
                <br/>
              </div> <!-- method-in-group -->
              <div class="method-in-group">
                <span class="method-in-group-name">sign_case_valid</span>
                <br/>
              </div> <!-- method-in-group -->
            </div> <!-- test-group -->
            <div class="test-group">
              <span class="test-group-name">FunctionalPositive1</span>
              <br/>
              <div class="method-in-group">
                <span class="method-in-group-name">forgorpassword_displayed_check_case</span>
                <br/>
              </div> <!-- method-in-group -->
              <div class="method-in-group">
                <span class="method-in-group-name">forgot_password_submit_valid_case</span>
                <br/>
              </div> <!-- method-in-group -->
              <div class="method-in-group">
                <span class="method-in-group-name">validate_forgorpwd_page_case</span>
                <br/>
              </div> <!-- method-in-group -->
            </div> <!-- test-group -->
            <div class="test-group">
              <span class="test-group-name">SmokeTest</span>
              <br/>
              <div class="method-in-group">
                <span class="method-in-group-name">dashboard_checktitle_action_case</span>
                <br/>
              </div> <!-- method-in-group -->
              <div class="method-in-group">
                <span class="method-in-group-name">signin_checktitle_action_case</span>
                <br/>
              </div> <!-- method-in-group -->
            </div> <!-- test-group -->
          </div> <!-- main-panel-content rounded-window-bottom -->
        </div> <!-- panel -->
        <div panel-name="times-CBoosterTestSuite" class="panel">
          <div class="main-panel-header rounded-window-top">
            <span class="header-content">Times for CBoosterTestSuite</span>
          </div> <!-- main-panel-header rounded-window-top -->
          <div class="main-panel-content rounded-window-bottom">
            <div class="times-div">
              <script type="text/javascript">
suiteTableInitFunctions.push('tableData_CBoosterTestSuite');
function tableData_CBoosterTestSuite() {
var data = new google.visualization.DataTable();
data.addColumn('number', 'Number');
data.addColumn('string', 'Method');
data.addColumn('string', 'Class');
data.addColumn('number', 'Time (ms)');
data.addRows(12);
data.setCell(0, 0, 0)
data.setCell(0, 1, 'dashboard_checktitle_action_case')
data.setCell(0, 2, 'com.bixbytes.qa.cbooster.testcases.DashBoard_Positive_Testcases')
data.setCell(0, 3, 40066);
data.setCell(1, 0, 1)
data.setCell(1, 1, 'signin_invalid_pwd_checkalert')
data.setCell(1, 2, 'com.bixbytes.qa.cbooster.testcases.SignIn_Negative_Cases')
data.setCell(1, 3, 35259);
data.setCell(2, 0, 2)
data.setCell(2, 1, 'signin_invalid_unpwd_checkalert')
data.setCell(2, 2, 'com.bixbytes.qa.cbooster.testcases.SignIn_Negative_Cases')
data.setCell(2, 3, 35219);
data.setCell(3, 0, 3)
data.setCell(3, 1, 'checktitle_afterlogin_case')
data.setCell(3, 2, 'com.bixbytes.qa.cbooster.testcases.SignIn_Positive_Testcases')
data.setCell(3, 3, 20252);
data.setCell(4, 0, 4)
data.setCell(4, 1, 'validate_forgorpwd_page_case')
data.setCell(4, 2, 'com.bixbytes.qa.cbooster.testcases.ForgotPassword_Positive_Testcases')
data.setCell(4, 3, 5830);
data.setCell(5, 0, 5)
data.setCell(5, 1, 'sign_case_valid')
data.setCell(5, 2, 'com.bixbytes.qa.cbooster.testcases.SignIn_Positive_Testcases')
data.setCell(5, 3, 2281);
data.setCell(6, 0, 6)
data.setCell(6, 1, 'signin_case_invalid_unpwd')
data.setCell(6, 2, 'com.bixbytes.qa.cbooster.testcases.SignIn_Negative_Cases')
data.setCell(6, 3, 2256);
data.setCell(7, 0, 7)
data.setCell(7, 1, 'signin_checktitle_action_case')
data.setCell(7, 2, 'com.bixbytes.qa.cbooster.testcases.SignIn_Positive_Testcases')
data.setCell(7, 3, 2088);
data.setCell(8, 0, 8)
data.setCell(8, 1, 'signin_checktitle_action_case')
data.setCell(8, 2, 'com.bixbytes.qa.cbooster.testcases.SignIn_Negative_Cases')
data.setCell(8, 3, 2049);
data.setCell(9, 0, 9)
data.setCell(9, 1, 'signin_case_invalid_pwd')
data.setCell(9, 2, 'com.bixbytes.qa.cbooster.testcases.SignIn_Negative_Cases')
data.setCell(9, 3, 1841);
data.setCell(10, 0, 10)
data.setCell(10, 1, 'forgot_password_submit_valid_case')
data.setCell(10, 2, 'com.bixbytes.qa.cbooster.testcases.ForgotPassword_Positive_Testcases')
data.setCell(10, 3, 1610);
data.setCell(11, 0, 11)
data.setCell(11, 1, 'forgorpassword_displayed_check_case')
data.setCell(11, 2, 'com.bixbytes.qa.cbooster.testcases.ForgotPassword_Positive_Testcases')
data.setCell(11, 3, 713);
window.suiteTableData['CBoosterTestSuite']= { tableData: data, tableDiv: 'times-div-CBoosterTestSuite'}
return data;
}
              </script>
              <span class="suite-total-time">Total running time: 2 minutes</span>
              <div id="times-div-CBoosterTestSuite">
              </div> <!-- times-div-CBoosterTestSuite -->
            </div> <!-- times-div -->
          </div> <!-- main-panel-content rounded-window-bottom -->
        </div> <!-- panel -->
        <div panel-name="reporter-CBoosterTestSuite" class="panel">
          <div class="main-panel-header rounded-window-top">
            <span class="header-content">Reporter output for CBoosterTestSuite</span>
          </div> <!-- main-panel-header rounded-window-top -->
          <div class="main-panel-content rounded-window-bottom">
          </div> <!-- main-panel-content rounded-window-bottom -->
        </div> <!-- panel -->
        <div panel-name="ignored-methods-CBoosterTestSuite" class="panel">
          <div class="main-panel-header rounded-window-top">
            <span class="header-content">0 ignored methods</span>
          </div> <!-- main-panel-header rounded-window-top -->
          <div class="main-panel-content rounded-window-bottom">
          </div> <!-- main-panel-content rounded-window-bottom -->
        </div> <!-- panel -->
        <div panel-name="chronological-CBoosterTestSuite" class="panel">
          <div class="main-panel-header rounded-window-top">
            <span class="header-content">Methods in chronological order</span>
          </div> <!-- main-panel-header rounded-window-top -->
          <div class="main-panel-content rounded-window-bottom">
            <div class="chronological-class">
              <div class="chronological-class-name">com.bixbytes.qa.cbooster.testcases.SignIn_Positive_Testcases</div> <!-- chronological-class-name -->
              <div class="configuration-method before">
                <span class="method-name">setup</span>
                <span class="method-start">0 ms</span>
              </div> <!-- configuration-method before -->
              <div class="test-method">
                <span class="method-name">signin_checktitle_action_case</span>
                <span class="method-start">13995 ms</span>
              </div> <!-- test-method -->
              <div class="configuration-method after">
                <span class="method-name">exitbrowser</span>
                <span class="method-start">16902 ms</span>
              </div> <!-- configuration-method after -->
              <div class="configuration-method before">
                <span class="method-name">setup</span>
                <span class="method-start">18169 ms</span>
              </div> <!-- configuration-method before -->
              <div class="test-method">
                <span class="method-name">sign_case_valid</span>
                <span class="method-start">30297 ms</span>
              </div> <!-- test-method -->
              <div class="configuration-method after">
                <span class="method-name">exitbrowser</span>
                <span class="method-start">33377 ms</span>
              </div> <!-- configuration-method after -->
              <div class="configuration-method before">
                <span class="method-name">setup</span>
                <span class="method-start">34084 ms</span>
              </div> <!-- configuration-method before -->
              <div class="test-method">
                <img src="failed.png">
                </img>
                <span class="method-name">checktitle_afterlogin_case</span>
                <span class="method-start">48514 ms</span>
              </div> <!-- test-method -->
              <div class="configuration-method after">
                <span class="method-name">exitbrowser</span>
                <span class="method-start">69619 ms</span>
              </div> <!-- configuration-method after -->
            </div> <!-- chronological-class -->
            <div class="chronological-class">
              <div class="chronological-class-name">com.bixbytes.qa.cbooster.testcases.SignIn_Negative_Cases</div> <!-- chronological-class-name -->
              <div class="configuration-method before">
                <span class="method-name">setup</span>
                <span class="method-start">70604 ms</span>
              </div> <!-- configuration-method before -->
              <div class="test-method">
                <span class="method-name">signin_checktitle_action_case</span>
                <span class="method-start">83104 ms</span>
              </div> <!-- test-method -->
              <div class="configuration-method after">
                <span class="method-name">exitbrowser</span>
                <span class="method-start">85840 ms</span>
              </div> <!-- configuration-method after -->
              <div class="configuration-method before">
                <span class="method-name">setup</span>
                <span class="method-start">86784 ms</span>
              </div> <!-- configuration-method before -->
              <div class="test-method">
                <span class="method-name">signin_case_invalid_unpwd</span>
                <span class="method-start">101148 ms</span>
              </div> <!-- test-method -->
              <div class="configuration-method after">
                <span class="method-name">exitbrowser</span>
                <span class="method-start">104045 ms</span>
              </div> <!-- configuration-method after -->
              <div class="configuration-method before">
                <span class="method-name">setup</span>
                <span class="method-start">105210 ms</span>
              </div> <!-- configuration-method before -->
              <div class="test-method">
                <span class="method-name">signin_case_invalid_pwd</span>
                <span class="method-start">120295 ms</span>
              </div> <!-- test-method -->
              <div class="configuration-method after">
                <span class="method-name">exitbrowser</span>
                <span class="method-start">122628 ms</span>
              </div> <!-- configuration-method after -->
              <div class="configuration-method before">
                <span class="method-name">setup</span>
                <span class="method-start">123416 ms</span>
              </div> <!-- configuration-method before -->
              <div class="test-method">
                <img src="failed.png">
                </img>
                <span class="method-name">signin_invalid_unpwd_checkalert</span>
                <span class="method-start">136110 ms</span>
              </div> <!-- test-method -->
              <div class="configuration-method after">
                <span class="method-name">exitbrowser</span>
                <span class="method-start">171811 ms</span>
              </div> <!-- configuration-method after -->
              <div class="configuration-method before">
                <span class="method-name">setup</span>
                <span class="method-start">174115 ms</span>
              </div> <!-- configuration-method before -->
              <div class="test-method">
                <img src="failed.png">
                </img>
                <span class="method-name">signin_invalid_pwd_checkalert</span>
                <span class="method-start">185831 ms</span>
              </div> <!-- test-method -->
              <div class="configuration-method after">
                <span class="method-name">exitbrowser</span>
                <span class="method-start">221674 ms</span>
              </div> <!-- configuration-method after -->
            </div> <!-- chronological-class -->
            <div class="chronological-class">
              <div class="chronological-class-name">com.bixbytes.qa.cbooster.testcases.ForgotPassword_Positive_Testcases</div> <!-- chronological-class-name -->
              <div class="configuration-method before">
                <span class="method-name">setup</span>
                <span class="method-start">222464 ms</span>
              </div> <!-- configuration-method before -->
              <div class="test-method">
                <span class="method-name">forgorpassword_displayed_check_case</span>
                <span class="method-start">235522 ms</span>
              </div> <!-- test-method -->
              <div class="configuration-method after">
                <span class="method-name">exitbrowser</span>
                <span class="method-start">237009 ms</span>
              </div> <!-- configuration-method after -->
              <div class="configuration-method before">
                <span class="method-name">setup</span>
                <span class="method-start">237211 ms</span>
              </div> <!-- configuration-method before -->
              <div class="test-method">
                <span class="method-name">validate_forgorpwd_page_case</span>
                <span class="method-start">251682 ms</span>
              </div> <!-- test-method -->
              <div class="configuration-method after">
                <span class="method-name">exitbrowser</span>
                <span class="method-start">258027 ms</span>
              </div> <!-- configuration-method after -->
              <div class="configuration-method before">
                <span class="method-name">setup</span>
                <span class="method-start">260358 ms</span>
              </div> <!-- configuration-method before -->
              <div class="test-method">
                <span class="method-name">forgot_password_submit_valid_case</span>
                <span class="method-start">273202 ms</span>
              </div> <!-- test-method -->
              <div class="configuration-method after">
                <span class="method-name">exitbrowser</span>
                <span class="method-start">275635 ms</span>
              </div> <!-- configuration-method after -->
            </div> <!-- chronological-class -->
            <div class="chronological-class">
              <div class="chronological-class-name">com.bixbytes.qa.cbooster.testcases.DashBoard_Positive_Testcases</div> <!-- chronological-class-name -->
              <div class="configuration-method before">
                <span class="method-name">setup</span>
                <span class="method-start">275874 ms</span>
              </div> <!-- configuration-method before -->
              <div class="test-method">
                <img src="failed.png">
                </img>
                <span class="method-name">dashboard_checktitle_action_case</span>
                <span class="method-start">290398 ms</span>
              </div> <!-- test-method -->
              <div class="configuration-method after">
                <span class="method-name">exitbrowser</span>
                <span class="method-start">331091 ms</span>
              </div> <!-- configuration-method after -->
          </div> <!-- main-panel-content rounded-window-bottom -->
        </div> <!-- panel -->
      </div> <!-- main-panel-root -->
    </div> <!-- wrapper -->
  </body>
<script type="text/javascript" src="testng-reports2.js"></script>
</html>
