<?xml version="1.0" encoding="UTF-8"?>
<testng-results ignored="0" total="12" passed="8" failed="4" skipped="0">
  <reporter-output>
  </reporter-output>
  <suite started-at="2020-08-20T11:31:46 IST" name="CBoosterTestSuite" finished-at="2020-08-20T11:37:18 IST" duration-ms="331865">
    <groups>
      <group name="SmokeTest">
        <method signature="SignIn_Positive_Testcases.signin_checktitle_action_case()[pri:1, instance:com.bixbytes.qa.cbooster.testcases.SignIn_Positive_Testcases@3c19aaa5]" name="signin_checktitle_action_case" class="com.bixbytes.qa.cbooster.testcases.SignIn_Positive_Testcases"/>
        <method signature="SignIn_Negative_Cases.signin_checktitle_action_case()[pri:1, instance:com.bixbytes.qa.cbooster.testcases.SignIn_Negative_Cases@33d512c1]" name="signin_checktitle_action_case" class="com.bixbytes.qa.cbooster.testcases.SignIn_Negative_Cases"/>
        <method signature="DashBoard_Positive_Testcases.dashboard_checktitle_action_case()[pri:1, instance:com.bixbytes.qa.cbooster.testcases.DashBoard_Positive_Testcases@408d971b]" name="dashboard_checktitle_action_case" class="com.bixbytes.qa.cbooster.testcases.DashBoard_Positive_Testcases"/>
      </group> <!-- SmokeTest -->
      <group name="FunctionalNegative">
        <method signature="SignIn_Negative_Cases.signin_case_invalid_pwd()[pri:3, instance:com.bixbytes.qa.cbooster.testcases.SignIn_Negative_Cases@33d512c1]" name="signin_case_invalid_pwd" class="com.bixbytes.qa.cbooster.testcases.SignIn_Negative_Cases"/>
        <method signature="SignIn_Negative_Cases.signin_case_invalid_unpwd()[pri:2, instance:com.bixbytes.qa.cbooster.testcases.SignIn_Negative_Cases@33d512c1]" name="signin_case_invalid_unpwd" class="com.bixbytes.qa.cbooster.testcases.SignIn_Negative_Cases"/>
        <method signature="SignIn_Negative_Cases.signin_invalid_pwd_checkalert()[pri:4, instance:com.bixbytes.qa.cbooster.testcases.SignIn_Negative_Cases@33d512c1]" name="signin_invalid_pwd_checkalert" class="com.bixbytes.qa.cbooster.testcases.SignIn_Negative_Cases"/>
        <method signature="SignIn_Negative_Cases.signin_invalid_unpwd_checkalert()[pri:3, instance:com.bixbytes.qa.cbooster.testcases.SignIn_Negative_Cases@33d512c1]" name="signin_invalid_unpwd_checkalert" class="com.bixbytes.qa.cbooster.testcases.SignIn_Negative_Cases"/>
      </group> <!-- FunctionalNegative -->
      <group name="FunctionalPositive">
        <method signature="SignIn_Positive_Testcases.checktitle_afterlogin_case()[pri:3, instance:com.bixbytes.qa.cbooster.testcases.SignIn_Positive_Testcases@3c19aaa5]" name="checktitle_afterlogin_case" class="com.bixbytes.qa.cbooster.testcases.SignIn_Positive_Testcases"/>
        <method signature="SignIn_Positive_Testcases.sign_case_valid()[pri:2, instance:com.bixbytes.qa.cbooster.testcases.SignIn_Positive_Testcases@3c19aaa5]" name="sign_case_valid" class="com.bixbytes.qa.cbooster.testcases.SignIn_Positive_Testcases"/>
      </group> <!-- FunctionalPositive -->
      <group name="FunctionalPositive1">
        <method signature="ForgotPassword_Positive_Testcases.forgorpassword_displayed_check_case()[pri:1, instance:com.bixbytes.qa.cbooster.testcases.ForgotPassword_Positive_Testcases@6771beb3]" name="forgorpassword_displayed_check_case" class="com.bixbytes.qa.cbooster.testcases.ForgotPassword_Positive_Testcases"/>
        <method signature="ForgotPassword_Positive_Testcases.forgot_password_submit_valid_case()[pri:3, instance:com.bixbytes.qa.cbooster.testcases.ForgotPassword_Positive_Testcases@6771beb3]" name="forgot_password_submit_valid_case" class="com.bixbytes.qa.cbooster.testcases.ForgotPassword_Positive_Testcases"/>
        <method signature="ForgotPassword_Positive_Testcases.validate_forgorpwd_page_case()[pri:2, instance:com.bixbytes.qa.cbooster.testcases.ForgotPassword_Positive_Testcases@6771beb3]" name="validate_forgorpwd_page_case" class="com.bixbytes.qa.cbooster.testcases.ForgotPassword_Positive_Testcases"/>
      </group> <!-- FunctionalPositive1 -->
    </groups>
    <test started-at="2020-08-20T11:31:46 IST" name="SignInPagePositive" finished-at="2020-08-20T11:32:57 IST" duration-ms="70459">
      <class name="com.bixbytes.qa.cbooster.testcases.SignIn_Positive_Testcases">
        <test-method is-config="true" signature="setup()[pri:0, instance:com.bixbytes.qa.cbooster.testcases.SignIn_Positive_Testcases@3c19aaa5]" started-at="2020-08-20T11:31:46 IST" name="setup" finished-at="2020-08-20T11:32:00 IST" duration-ms="13993" status="PASS">
          <reporter-output>
          </reporter-output>
        </test-method> <!-- setup -->
        <test-method signature="signin_checktitle_action_case()[pri:1, instance:com.bixbytes.qa.cbooster.testcases.SignIn_Positive_Testcases@3c19aaa5]" started-at="2020-08-20T11:32:00 IST" name="signin_checktitle_action_case" finished-at="2020-08-20T11:32:02 IST" duration-ms="2088" status="PASS">
          <reporter-output>
          </reporter-output>
        </test-method> <!-- signin_checktitle_action_case -->
        <test-method is-config="true" signature="exitbrowser()[pri:0, instance:com.bixbytes.qa.cbooster.testcases.SignIn_Positive_Testcases@3c19aaa5]" started-at="2020-08-20T11:32:03 IST" name="exitbrowser" finished-at="2020-08-20T11:32:04 IST" duration-ms="1255" status="PASS">
          <reporter-output>
          </reporter-output>
        </test-method> <!-- exitbrowser -->
        <test-method is-config="true" signature="setup()[pri:0, instance:com.bixbytes.qa.cbooster.testcases.SignIn_Positive_Testcases@3c19aaa5]" started-at="2020-08-20T11:32:04 IST" name="setup" finished-at="2020-08-20T11:32:17 IST" duration-ms="12128" status="PASS">
          <reporter-output>
          </reporter-output>
        </test-method> <!-- setup -->
        <test-method signature="sign_case_valid()[pri:2, instance:com.bixbytes.qa.cbooster.testcases.SignIn_Positive_Testcases@3c19aaa5]" started-at="2020-08-20T11:32:17 IST" name="sign_case_valid" finished-at="2020-08-20T11:32:19 IST" duration-ms="2281" status="PASS">
          <reporter-output>
          </reporter-output>
        </test-method> <!-- sign_case_valid -->
        <test-method is-config="true" signature="exitbrowser()[pri:0, instance:com.bixbytes.qa.cbooster.testcases.SignIn_Positive_Testcases@3c19aaa5]" started-at="2020-08-20T11:32:20 IST" name="exitbrowser" finished-at="2020-08-20T11:32:20 IST" duration-ms="706" status="PASS">
          <reporter-output>
          </reporter-output>
        </test-method> <!-- exitbrowser -->
        <test-method is-config="true" signature="setup()[pri:0, instance:com.bixbytes.qa.cbooster.testcases.SignIn_Positive_Testcases@3c19aaa5]" started-at="2020-08-20T11:32:20 IST" name="setup" finished-at="2020-08-20T11:32:35 IST" duration-ms="14430" status="PASS">
          <reporter-output>
          </reporter-output>
        </test-method> <!-- setup -->
        <test-method signature="checktitle_afterlogin_case()[pri:3, instance:com.bixbytes.qa.cbooster.testcases.SignIn_Positive_Testcases@3c19aaa5]" started-at="2020-08-20T11:32:35 IST" name="checktitle_afterlogin_case" finished-at="2020-08-20T11:32:55 IST" duration-ms="20252" status="FAIL">
          <exception class="org.openqa.selenium.NoSuchElementException">
            <message>
              <![CDATA[no such element: Unable to locate element: {"method":"xpath","selector":"//span[contains(text(),'Dashboard')]"}
  (Session info: chrome=84.0.4147.135)
For documentation on this error, please visit: https://www.seleniumhq.org/exceptions/no_such_element.html
Build info: version: '3.141.59', revision: 'e82be7d358', time: '2018-11-14T08:17:03'
System info: host: 'AVANEESH-PC', ip: '192.168.225.57', os.name: 'Windows 7', os.arch: 'amd64', os.version: '6.1', java.version: '14.0.2'
Driver info: org.openqa.selenium.chrome.ChromeDriver
Capabilities {acceptInsecureCerts: false, browserName: chrome, browserVersion: 84.0.4147.135, chrome: {chromedriverVersion: 84.0.4147.30 (48b3e868b4cc0..., userDataDir: C:\Users\OFFICE\AppData\Loc...}, goog:chromeOptions: {debuggerAddress: localhost:58510}, javascriptEnabled: true, networkConnectionEnabled: false, pageLoadStrategy: normal, platform: WINDOWS, platformName: WINDOWS, proxy: Proxy(), setWindowRect: true, strictFileInteractability: false, timeouts: {implicit: 0, pageLoad: 300000, script: 30000}, unhandledPromptBehavior: dismiss and notify, webauthn:virtualAuthenticators: true}
Session ID: 52b5bd2e26db0d585fc46751b683b6bf
*** Element info: {Using=xpath, value=//span[contains(text(),'Dashboard')]}]]>
            </message>
            <full-stacktrace>
              <![CDATA[org.openqa.selenium.NoSuchElementException: no such element: Unable to locate element: {"method":"xpath","selector":"//span[contains(text(),'Dashboard')]"}
  (Session info: chrome=84.0.4147.135)
For documentation on this error, please visit: https://www.seleniumhq.org/exceptions/no_such_element.html
Build info: version: '3.141.59', revision: 'e82be7d358', time: '2018-11-14T08:17:03'
System info: host: 'AVANEESH-PC', ip: '192.168.225.57', os.name: 'Windows 7', os.arch: 'amd64', os.version: '6.1', java.version: '14.0.2'
Driver info: org.openqa.selenium.chrome.ChromeDriver
Capabilities {acceptInsecureCerts: false, browserName: chrome, browserVersion: 84.0.4147.135, chrome: {chromedriverVersion: 84.0.4147.30 (48b3e868b4cc0..., userDataDir: C:\Users\OFFICE\AppData\Loc...}, goog:chromeOptions: {debuggerAddress: localhost:58510}, javascriptEnabled: true, networkConnectionEnabled: false, pageLoadStrategy: normal, platform: WINDOWS, platformName: WINDOWS, proxy: Proxy(), setWindowRect: true, strictFileInteractability: false, timeouts: {implicit: 0, pageLoad: 300000, script: 30000}, unhandledPromptBehavior: dismiss and notify, webauthn:virtualAuthenticators: true}
Session ID: 52b5bd2e26db0d585fc46751b683b6bf
*** Element info: {Using=xpath, value=//span[contains(text(),'Dashboard')]}
at java.base/jdk.internal.reflect.NativeConstructorAccessorImpl.newInstance0(Native Method)
at java.base/jdk.internal.reflect.NativeConstructorAccessorImpl.newInstance(NativeConstructorAccessorImpl.java:62)
at java.base/jdk.internal.reflect.DelegatingConstructorAccessorImpl.newInstance(DelegatingConstructorAccessorImpl.java:45)
at java.base/java.lang.reflect.Constructor.newInstanceWithCaller(Constructor.java:500)
at java.base/java.lang.reflect.Constructor.newInstance(Constructor.java:481)
at org.openqa.selenium.remote.http.W3CHttpResponseCodec.createException(W3CHttpResponseCodec.java:187)
at org.openqa.selenium.remote.http.W3CHttpResponseCodec.decode(W3CHttpResponseCodec.java:122)
at org.openqa.selenium.remote.http.W3CHttpResponseCodec.decode(W3CHttpResponseCodec.java:49)
at org.openqa.selenium.remote.HttpCommandExecutor.execute(HttpCommandExecutor.java:158)
at org.openqa.selenium.remote.service.DriverCommandExecutor.execute(DriverCommandExecutor.java:83)
at org.openqa.selenium.remote.RemoteWebDriver.execute(RemoteWebDriver.java:552)
at org.openqa.selenium.remote.RemoteWebDriver.findElement(RemoteWebDriver.java:323)
at org.openqa.selenium.remote.RemoteWebDriver.findElementByXPath(RemoteWebDriver.java:428)
at org.openqa.selenium.By$ByXPath.findElement(By.java:353)
at org.openqa.selenium.remote.RemoteWebDriver.findElement(RemoteWebDriver.java:315)
at org.openqa.selenium.support.pagefactory.DefaultElementLocator.findElement(DefaultElementLocator.java:69)
at org.openqa.selenium.support.pagefactory.internal.LocatingElementHandler.invoke(LocatingElementHandler.java:38)
at com.sun.proxy.$Proxy13.isDisplayed(Unknown Source)
at com.bixbytes.qa.cbooster.pagesactions.SignInPage.check_title_action_dashboard(SignInPage.java:65)
at com.bixbytes.qa.cbooster.testcases.SignIn_Positive_Testcases.checktitle_afterlogin_case(SignIn_Positive_Testcases.java:65)
at java.base/jdk.internal.reflect.NativeMethodAccessorImpl.invoke0(Native Method)
at java.base/jdk.internal.reflect.NativeMethodAccessorImpl.invoke(NativeMethodAccessorImpl.java:62)
at java.base/jdk.internal.reflect.DelegatingMethodAccessorImpl.invoke(DelegatingMethodAccessorImpl.java:43)
at java.base/java.lang.reflect.Method.invoke(Method.java:564)
at org.testng.internal.MethodInvocationHelper.invokeMethod(MethodInvocationHelper.java:135)
at org.testng.internal.TestInvoker.invokeMethod(TestInvoker.java:598)
at org.testng.internal.TestInvoker.invokeTestMethod(TestInvoker.java:174)
at org.testng.internal.MethodRunner.runInSequence(MethodRunner.java:46)
at org.testng.internal.TestInvoker$MethodInvocationAgent.invoke(TestInvoker.java:821)
at org.testng.internal.TestInvoker.invokeTestMethods(TestInvoker.java:147)
at org.testng.internal.TestMethodWorker.invokeTestMethods(TestMethodWorker.java:146)
at org.testng.internal.TestMethodWorker.run(TestMethodWorker.java:128)
at java.base/java.util.concurrent.ThreadPoolExecutor.runWorker(ThreadPoolExecutor.java:1130)
at java.base/java.util.concurrent.ThreadPoolExecutor$Worker.run(ThreadPoolExecutor.java:630)
at java.base/java.lang.Thread.run(Thread.java:832)
]]>
            </full-stacktrace>
          </exception> <!-- org.openqa.selenium.NoSuchElementException -->
          <reporter-output>
          </reporter-output>
        </test-method> <!-- checktitle_afterlogin_case -->
        <test-method is-config="true" signature="exitbrowser()[pri:0, instance:com.bixbytes.qa.cbooster.testcases.SignIn_Positive_Testcases@3c19aaa5]" started-at="2020-08-20T11:32:56 IST" name="exitbrowser" finished-at="2020-08-20T11:32:57 IST" duration-ms="778" status="PASS">
          <reporter-output>
          </reporter-output>
        </test-method> <!-- exitbrowser -->
      </class> <!-- com.bixbytes.qa.cbooster.testcases.SignIn_Positive_Testcases -->
    </test> <!-- SignInPagePositive -->
    <test started-at="2020-08-20T11:32:57 IST" name="SignInPageNegative" finished-at="2020-08-20T11:35:29 IST" duration-ms="151841">
      <class name="com.bixbytes.qa.cbooster.testcases.SignIn_Negative_Cases">
        <test-method is-config="true" signature="setup()[pri:0, instance:com.bixbytes.qa.cbooster.testcases.SignIn_Negative_Cases@33d512c1]" started-at="2020-08-20T11:32:57 IST" name="setup" finished-at="2020-08-20T11:33:09 IST" duration-ms="12500" status="PASS">
          <reporter-output>
          </reporter-output>
        </test-method> <!-- setup -->
        <test-method signature="signin_checktitle_action_case()[pri:1, instance:com.bixbytes.qa.cbooster.testcases.SignIn_Negative_Cases@33d512c1]" started-at="2020-08-20T11:33:09 IST" name="signin_checktitle_action_case" finished-at="2020-08-20T11:33:11 IST" duration-ms="2049" status="PASS">
          <reporter-output>
          </reporter-output>
        </test-method> <!-- signin_checktitle_action_case -->
        <test-method is-config="true" signature="exitbrowser()[pri:0, instance:com.bixbytes.qa.cbooster.testcases.SignIn_Negative_Cases@33d512c1]" started-at="2020-08-20T11:33:12 IST" name="exitbrowser" finished-at="2020-08-20T11:33:13 IST" duration-ms="942" status="PASS">
          <reporter-output>
          </reporter-output>
        </test-method> <!-- exitbrowser -->
        <test-method is-config="true" signature="setup()[pri:0, instance:com.bixbytes.qa.cbooster.testcases.SignIn_Negative_Cases@33d512c1]" started-at="2020-08-20T11:33:13 IST" name="setup" finished-at="2020-08-20T11:33:27 IST" duration-ms="14364" status="PASS">
          <reporter-output>
          </reporter-output>
        </test-method> <!-- setup -->
        <test-method signature="signin_case_invalid_unpwd()[pri:2, instance:com.bixbytes.qa.cbooster.testcases.SignIn_Negative_Cases@33d512c1]" started-at="2020-08-20T11:33:27 IST" name="signin_case_invalid_unpwd" finished-at="2020-08-20T11:33:30 IST" duration-ms="2256" status="PASS">
          <reporter-output>
          </reporter-output>
        </test-method> <!-- signin_case_invalid_unpwd -->
        <test-method is-config="true" signature="exitbrowser()[pri:0, instance:com.bixbytes.qa.cbooster.testcases.SignIn_Negative_Cases@33d512c1]" started-at="2020-08-20T11:33:30 IST" name="exitbrowser" finished-at="2020-08-20T11:33:31 IST" duration-ms="1164" status="PASS">
          <reporter-output>
          </reporter-output>
        </test-method> <!-- exitbrowser -->
        <test-method is-config="true" signature="setup()[pri:0, instance:com.bixbytes.qa.cbooster.testcases.SignIn_Negative_Cases@33d512c1]" started-at="2020-08-20T11:33:31 IST" name="setup" finished-at="2020-08-20T11:33:47 IST" duration-ms="15084" status="PASS">
          <reporter-output>
          </reporter-output>
        </test-method> <!-- setup -->
        <test-method signature="signin_case_invalid_pwd()[pri:3, instance:com.bixbytes.qa.cbooster.testcases.SignIn_Negative_Cases@33d512c1]" started-at="2020-08-20T11:33:47 IST" name="signin_case_invalid_pwd" finished-at="2020-08-20T11:33:48 IST" duration-ms="1841" status="PASS">
          <reporter-output>
          </reporter-output>
        </test-method> <!-- signin_case_invalid_pwd -->
        <test-method is-config="true" signature="exitbrowser()[pri:0, instance:com.bixbytes.qa.cbooster.testcases.SignIn_Negative_Cases@33d512c1]" started-at="2020-08-20T11:33:49 IST" name="exitbrowser" finished-at="2020-08-20T11:33:50 IST" duration-ms="787" status="PASS">
          <reporter-output>
          </reporter-output>
        </test-method> <!-- exitbrowser -->
        <test-method is-config="true" signature="setup()[pri:0, instance:com.bixbytes.qa.cbooster.testcases.SignIn_Negative_Cases@33d512c1]" started-at="2020-08-20T11:33:50 IST" name="setup" finished-at="2020-08-20T11:34:02 IST" duration-ms="12694" status="PASS">
          <reporter-output>
          </reporter-output>
        </test-method> <!-- setup -->
        <test-method signature="signin_invalid_unpwd_checkalert()[pri:3, instance:com.bixbytes.qa.cbooster.testcases.SignIn_Negative_Cases@33d512c1]" started-at="2020-08-20T11:34:02 IST" name="signin_invalid_unpwd_checkalert" finished-at="2020-08-20T11:34:38 IST" duration-ms="35219" status="FAIL">
          <exception class="org.openqa.selenium.NoSuchElementException">
            <message>
              <![CDATA[no such element: Unable to locate element: {"method":"xpath","selector":"//p[contains(text(),'Invalid Credentials')][2]"}
  (Session info: chrome=84.0.4147.135)
For documentation on this error, please visit: https://www.seleniumhq.org/exceptions/no_such_element.html
Build info: version: '3.141.59', revision: 'e82be7d358', time: '2018-11-14T08:17:03'
System info: host: 'AVANEESH-PC', ip: '192.168.225.57', os.name: 'Windows 7', os.arch: 'amd64', os.version: '6.1', java.version: '14.0.2'
Driver info: org.openqa.selenium.chrome.ChromeDriver
Capabilities {acceptInsecureCerts: false, browserName: chrome, browserVersion: 84.0.4147.135, chrome: {chromedriverVersion: 84.0.4147.30 (48b3e868b4cc0..., userDataDir: C:\Users\OFFICE\AppData\Loc...}, goog:chromeOptions: {debuggerAddress: localhost:58613}, javascriptEnabled: true, networkConnectionEnabled: false, pageLoadStrategy: normal, platform: WINDOWS, platformName: WINDOWS, proxy: Proxy(), setWindowRect: true, strictFileInteractability: false, timeouts: {implicit: 0, pageLoad: 300000, script: 30000}, unhandledPromptBehavior: dismiss and notify, webauthn:virtualAuthenticators: true}
Session ID: 730f2f859428b49369bc397f9c1acf45
*** Element info: {Using=xpath, value=//p[contains(text(),'Invalid Credentials')][2]}]]>
            </message>
            <full-stacktrace>
              <![CDATA[org.openqa.selenium.NoSuchElementException: no such element: Unable to locate element: {"method":"xpath","selector":"//p[contains(text(),'Invalid Credentials')][2]"}
  (Session info: chrome=84.0.4147.135)
For documentation on this error, please visit: https://www.seleniumhq.org/exceptions/no_such_element.html
Build info: version: '3.141.59', revision: 'e82be7d358', time: '2018-11-14T08:17:03'
System info: host: 'AVANEESH-PC', ip: '192.168.225.57', os.name: 'Windows 7', os.arch: 'amd64', os.version: '6.1', java.version: '14.0.2'
Driver info: org.openqa.selenium.chrome.ChromeDriver
Capabilities {acceptInsecureCerts: false, browserName: chrome, browserVersion: 84.0.4147.135, chrome: {chromedriverVersion: 84.0.4147.30 (48b3e868b4cc0..., userDataDir: C:\Users\OFFICE\AppData\Loc...}, goog:chromeOptions: {debuggerAddress: localhost:58613}, javascriptEnabled: true, networkConnectionEnabled: false, pageLoadStrategy: normal, platform: WINDOWS, platformName: WINDOWS, proxy: Proxy(), setWindowRect: true, strictFileInteractability: false, timeouts: {implicit: 0, pageLoad: 300000, script: 30000}, unhandledPromptBehavior: dismiss and notify, webauthn:virtualAuthenticators: true}
Session ID: 730f2f859428b49369bc397f9c1acf45
*** Element info: {Using=xpath, value=//p[contains(text(),'Invalid Credentials')][2]}
at java.base/jdk.internal.reflect.NativeConstructorAccessorImpl.newInstance0(Native Method)
at java.base/jdk.internal.reflect.NativeConstructorAccessorImpl.newInstance(NativeConstructorAccessorImpl.java:62)
at java.base/jdk.internal.reflect.DelegatingConstructorAccessorImpl.newInstance(DelegatingConstructorAccessorImpl.java:45)
at java.base/java.lang.reflect.Constructor.newInstanceWithCaller(Constructor.java:500)
at java.base/java.lang.reflect.Constructor.newInstance(Constructor.java:481)
at org.openqa.selenium.remote.http.W3CHttpResponseCodec.createException(W3CHttpResponseCodec.java:187)
at org.openqa.selenium.remote.http.W3CHttpResponseCodec.decode(W3CHttpResponseCodec.java:122)
at org.openqa.selenium.remote.http.W3CHttpResponseCodec.decode(W3CHttpResponseCodec.java:49)
at org.openqa.selenium.remote.HttpCommandExecutor.execute(HttpCommandExecutor.java:158)
at org.openqa.selenium.remote.service.DriverCommandExecutor.execute(DriverCommandExecutor.java:83)
at org.openqa.selenium.remote.RemoteWebDriver.execute(RemoteWebDriver.java:552)
at org.openqa.selenium.remote.RemoteWebDriver.findElement(RemoteWebDriver.java:323)
at org.openqa.selenium.remote.RemoteWebDriver.findElementByXPath(RemoteWebDriver.java:428)
at org.openqa.selenium.By$ByXPath.findElement(By.java:353)
at org.openqa.selenium.remote.RemoteWebDriver.findElement(RemoteWebDriver.java:315)
at org.openqa.selenium.support.pagefactory.DefaultElementLocator.findElement(DefaultElementLocator.java:69)
at org.openqa.selenium.support.pagefactory.internal.LocatingElementHandler.invoke(LocatingElementHandler.java:38)
at com.sun.proxy.$Proxy13.isDisplayed(Unknown Source)
at com.bixbytes.qa.cbooster.pagesactions.SignInPage.check_ivalidlogin_alert(SignInPage.java:79)
at com.bixbytes.qa.cbooster.testcases.SignIn_Negative_Cases.signin_invalid_unpwd_checkalert(SignIn_Negative_Cases.java:65)
at java.base/jdk.internal.reflect.NativeMethodAccessorImpl.invoke0(Native Method)
at java.base/jdk.internal.reflect.NativeMethodAccessorImpl.invoke(NativeMethodAccessorImpl.java:62)
at java.base/jdk.internal.reflect.DelegatingMethodAccessorImpl.invoke(DelegatingMethodAccessorImpl.java:43)
at java.base/java.lang.reflect.Method.invoke(Method.java:564)
at org.testng.internal.MethodInvocationHelper.invokeMethod(MethodInvocationHelper.java:135)
at org.testng.internal.TestInvoker.invokeMethod(TestInvoker.java:598)
at org.testng.internal.TestInvoker.invokeTestMethod(TestInvoker.java:174)
at org.testng.internal.MethodRunner.runInSequence(MethodRunner.java:46)
at org.testng.internal.TestInvoker$MethodInvocationAgent.invoke(TestInvoker.java:821)
at org.testng.internal.TestInvoker.invokeTestMethods(TestInvoker.java:147)
at org.testng.internal.TestMethodWorker.invokeTestMethods(TestMethodWorker.java:146)
at org.testng.internal.TestMethodWorker.run(TestMethodWorker.java:128)
at java.base/java.util.concurrent.ThreadPoolExecutor.runWorker(ThreadPoolExecutor.java:1130)
at java.base/java.util.concurrent.ThreadPoolExecutor$Worker.run(ThreadPoolExecutor.java:630)
at java.base/java.lang.Thread.run(Thread.java:832)
]]>
            </full-stacktrace>
          </exception> <!-- org.openqa.selenium.NoSuchElementException -->
          <reporter-output>
          </reporter-output>
        </test-method> <!-- signin_invalid_unpwd_checkalert -->
        <test-method is-config="true" signature="exitbrowser()[pri:0, instance:com.bixbytes.qa.cbooster.testcases.SignIn_Negative_Cases@33d512c1]" started-at="2020-08-20T11:34:38 IST" name="exitbrowser" finished-at="2020-08-20T11:34:40 IST" duration-ms="2303" status="PASS">
          <reporter-output>
          </reporter-output>
        </test-method> <!-- exitbrowser -->
        <test-method is-config="true" signature="setup()[pri:0, instance:com.bixbytes.qa.cbooster.testcases.SignIn_Negative_Cases@33d512c1]" started-at="2020-08-20T11:34:40 IST" name="setup" finished-at="2020-08-20T11:34:52 IST" duration-ms="11716" status="PASS">
          <reporter-output>
          </reporter-output>
        </test-method> <!-- setup -->
        <test-method signature="signin_invalid_pwd_checkalert()[pri:4, instance:com.bixbytes.qa.cbooster.testcases.SignIn_Negative_Cases@33d512c1]" started-at="2020-08-20T11:34:52 IST" name="signin_invalid_pwd_checkalert" finished-at="2020-08-20T11:35:27 IST" duration-ms="35259" status="FAIL">
          <exception class="org.openqa.selenium.NoSuchElementException">
            <message>
              <![CDATA[no such element: Unable to locate element: {"method":"xpath","selector":"//p[contains(text(),'Invalid Credentials')][2]"}
  (Session info: chrome=84.0.4147.135)
For documentation on this error, please visit: https://www.seleniumhq.org/exceptions/no_such_element.html
Build info: version: '3.141.59', revision: 'e82be7d358', time: '2018-11-14T08:17:03'
System info: host: 'AVANEESH-PC', ip: '192.168.225.57', os.name: 'Windows 7', os.arch: 'amd64', os.version: '6.1', java.version: '14.0.2'
Driver info: org.openqa.selenium.chrome.ChromeDriver
Capabilities {acceptInsecureCerts: false, browserName: chrome, browserVersion: 84.0.4147.135, chrome: {chromedriverVersion: 84.0.4147.30 (48b3e868b4cc0..., userDataDir: C:\Users\OFFICE\AppData\Loc...}, goog:chromeOptions: {debuggerAddress: localhost:58639}, javascriptEnabled: true, networkConnectionEnabled: false, pageLoadStrategy: normal, platform: WINDOWS, platformName: WINDOWS, proxy: Proxy(), setWindowRect: true, strictFileInteractability: false, timeouts: {implicit: 0, pageLoad: 300000, script: 30000}, unhandledPromptBehavior: dismiss and notify, webauthn:virtualAuthenticators: true}
Session ID: 305b11b4c7863f1d9dc9deb4cac9b41e
*** Element info: {Using=xpath, value=//p[contains(text(),'Invalid Credentials')][2]}]]>
            </message>
            <full-stacktrace>
              <![CDATA[org.openqa.selenium.NoSuchElementException: no such element: Unable to locate element: {"method":"xpath","selector":"//p[contains(text(),'Invalid Credentials')][2]"}
  (Session info: chrome=84.0.4147.135)
For documentation on this error, please visit: https://www.seleniumhq.org/exceptions/no_such_element.html
Build info: version: '3.141.59', revision: 'e82be7d358', time: '2018-11-14T08:17:03'
System info: host: 'AVANEESH-PC', ip: '192.168.225.57', os.name: 'Windows 7', os.arch: 'amd64', os.version: '6.1', java.version: '14.0.2'
Driver info: org.openqa.selenium.chrome.ChromeDriver
Capabilities {acceptInsecureCerts: false, browserName: chrome, browserVersion: 84.0.4147.135, chrome: {chromedriverVersion: 84.0.4147.30 (48b3e868b4cc0..., userDataDir: C:\Users\OFFICE\AppData\Loc...}, goog:chromeOptions: {debuggerAddress: localhost:58639}, javascriptEnabled: true, networkConnectionEnabled: false, pageLoadStrategy: normal, platform: WINDOWS, platformName: WINDOWS, proxy: Proxy(), setWindowRect: true, strictFileInteractability: false, timeouts: {implicit: 0, pageLoad: 300000, script: 30000}, unhandledPromptBehavior: dismiss and notify, webauthn:virtualAuthenticators: true}
Session ID: 305b11b4c7863f1d9dc9deb4cac9b41e
*** Element info: {Using=xpath, value=//p[contains(text(),'Invalid Credentials')][2]}
at java.base/jdk.internal.reflect.NativeConstructorAccessorImpl.newInstance0(Native Method)
at java.base/jdk.internal.reflect.NativeConstructorAccessorImpl.newInstance(NativeConstructorAccessorImpl.java:62)
at java.base/jdk.internal.reflect.DelegatingConstructorAccessorImpl.newInstance(DelegatingConstructorAccessorImpl.java:45)
at java.base/java.lang.reflect.Constructor.newInstanceWithCaller(Constructor.java:500)
at java.base/java.lang.reflect.Constructor.newInstance(Constructor.java:481)
at org.openqa.selenium.remote.http.W3CHttpResponseCodec.createException(W3CHttpResponseCodec.java:187)
at org.openqa.selenium.remote.http.W3CHttpResponseCodec.decode(W3CHttpResponseCodec.java:122)
at org.openqa.selenium.remote.http.W3CHttpResponseCodec.decode(W3CHttpResponseCodec.java:49)
at org.openqa.selenium.remote.HttpCommandExecutor.execute(HttpCommandExecutor.java:158)
at org.openqa.selenium.remote.service.DriverCommandExecutor.execute(DriverCommandExecutor.java:83)
at org.openqa.selenium.remote.RemoteWebDriver.execute(RemoteWebDriver.java:552)
at org.openqa.selenium.remote.RemoteWebDriver.findElement(RemoteWebDriver.java:323)
at org.openqa.selenium.remote.RemoteWebDriver.findElementByXPath(RemoteWebDriver.java:428)
at org.openqa.selenium.By$ByXPath.findElement(By.java:353)
at org.openqa.selenium.remote.RemoteWebDriver.findElement(RemoteWebDriver.java:315)
at org.openqa.selenium.support.pagefactory.DefaultElementLocator.findElement(DefaultElementLocator.java:69)
at org.openqa.selenium.support.pagefactory.internal.LocatingElementHandler.invoke(LocatingElementHandler.java:38)
at com.sun.proxy.$Proxy13.isDisplayed(Unknown Source)
at com.bixbytes.qa.cbooster.pagesactions.SignInPage.check_ivalidlogin_alert(SignInPage.java:79)
at com.bixbytes.qa.cbooster.testcases.SignIn_Negative_Cases.signin_invalid_pwd_checkalert(SignIn_Negative_Cases.java:84)
at java.base/jdk.internal.reflect.NativeMethodAccessorImpl.invoke0(Native Method)
at java.base/jdk.internal.reflect.NativeMethodAccessorImpl.invoke(NativeMethodAccessorImpl.java:62)
at java.base/jdk.internal.reflect.DelegatingMethodAccessorImpl.invoke(DelegatingMethodAccessorImpl.java:43)
at java.base/java.lang.reflect.Method.invoke(Method.java:564)
at org.testng.internal.MethodInvocationHelper.invokeMethod(MethodInvocationHelper.java:135)
at org.testng.internal.TestInvoker.invokeMethod(TestInvoker.java:598)
at org.testng.internal.TestInvoker.invokeTestMethod(TestInvoker.java:174)
at org.testng.internal.MethodRunner.runInSequence(MethodRunner.java:46)
at org.testng.internal.TestInvoker$MethodInvocationAgent.invoke(TestInvoker.java:821)
at org.testng.internal.TestInvoker.invokeTestMethods(TestInvoker.java:147)
at org.testng.internal.TestMethodWorker.invokeTestMethods(TestMethodWorker.java:146)
at org.testng.internal.TestMethodWorker.run(TestMethodWorker.java:128)
at java.base/java.util.concurrent.ThreadPoolExecutor.runWorker(ThreadPoolExecutor.java:1130)
at java.base/java.util.concurrent.ThreadPoolExecutor$Worker.run(ThreadPoolExecutor.java:630)
at java.base/java.lang.Thread.run(Thread.java:832)
]]>
            </full-stacktrace>
          </exception> <!-- org.openqa.selenium.NoSuchElementException -->
          <reporter-output>
          </reporter-output>
        </test-method> <!-- signin_invalid_pwd_checkalert -->
        <test-method is-config="true" signature="exitbrowser()[pri:0, instance:com.bixbytes.qa.cbooster.testcases.SignIn_Negative_Cases@33d512c1]" started-at="2020-08-20T11:35:28 IST" name="exitbrowser" finished-at="2020-08-20T11:35:29 IST" duration-ms="708" status="PASS">
          <reporter-output>
          </reporter-output>
        </test-method> <!-- exitbrowser -->
      </class> <!-- com.bixbytes.qa.cbooster.testcases.SignIn_Negative_Cases -->
    </test> <!-- SignInPageNegative -->
    <test started-at="2020-08-20T11:35:29 IST" name="ForgotPasswordPositive" finished-at="2020-08-20T11:36:22 IST" duration-ms="53366">
      <class name="com.bixbytes.qa.cbooster.testcases.ForgotPassword_Positive_Testcases">
        <test-method is-config="true" signature="setup()[pri:0, instance:com.bixbytes.qa.cbooster.testcases.ForgotPassword_Positive_Testcases@6771beb3]" started-at="2020-08-20T11:35:29 IST" name="setup" finished-at="2020-08-20T11:35:42 IST" duration-ms="13058" status="PASS">
          <reporter-output>
          </reporter-output>
        </test-method> <!-- setup -->
        <test-method signature="forgorpassword_displayed_check_case()[pri:1, instance:com.bixbytes.qa.cbooster.testcases.ForgotPassword_Positive_Testcases@6771beb3]" started-at="2020-08-20T11:35:42 IST" name="forgorpassword_displayed_check_case" finished-at="2020-08-20T11:35:43 IST" duration-ms="713" status="PASS">
          <reporter-output>
          </reporter-output>
        </test-method> <!-- forgorpassword_displayed_check_case -->
        <test-method is-config="true" signature="exitbrowser()[pri:0, instance:com.bixbytes.qa.cbooster.testcases.ForgotPassword_Positive_Testcases@6771beb3]" started-at="2020-08-20T11:35:43 IST" name="exitbrowser" finished-at="2020-08-20T11:35:43 IST" duration-ms="200" status="PASS">
          <reporter-output>
          </reporter-output>
        </test-method> <!-- exitbrowser -->
        <test-method is-config="true" signature="setup()[pri:0, instance:com.bixbytes.qa.cbooster.testcases.ForgotPassword_Positive_Testcases@6771beb3]" started-at="2020-08-20T11:35:43 IST" name="setup" finished-at="2020-08-20T11:35:58 IST" duration-ms="14471" status="PASS">
          <reporter-output>
          </reporter-output>
        </test-method> <!-- setup -->
        <test-method signature="validate_forgorpwd_page_case()[pri:2, instance:com.bixbytes.qa.cbooster.testcases.ForgotPassword_Positive_Testcases@6771beb3]" started-at="2020-08-20T11:35:58 IST" name="validate_forgorpwd_page_case" finished-at="2020-08-20T11:36:04 IST" duration-ms="5830" status="PASS">
          <reporter-output>
          </reporter-output>
        </test-method> <!-- validate_forgorpwd_page_case -->
        <test-method is-config="true" signature="exitbrowser()[pri:0, instance:com.bixbytes.qa.cbooster.testcases.ForgotPassword_Positive_Testcases@6771beb3]" started-at="2020-08-20T11:36:04 IST" name="exitbrowser" finished-at="2020-08-20T11:36:07 IST" duration-ms="2330" status="PASS">
          <reporter-output>
          </reporter-output>
        </test-method> <!-- exitbrowser -->
        <test-method is-config="true" signature="setup()[pri:0, instance:com.bixbytes.qa.cbooster.testcases.ForgotPassword_Positive_Testcases@6771beb3]" started-at="2020-08-20T11:36:07 IST" name="setup" finished-at="2020-08-20T11:36:19 IST" duration-ms="12844" status="PASS">
          <reporter-output>
          </reporter-output>
        </test-method> <!-- setup -->
        <test-method signature="forgot_password_submit_valid_case()[pri:3, instance:com.bixbytes.qa.cbooster.testcases.ForgotPassword_Positive_Testcases@6771beb3]" started-at="2020-08-20T11:36:19 IST" name="forgot_password_submit_valid_case" finished-at="2020-08-20T11:36:21 IST" duration-ms="1610" status="PASS">
          <reporter-output>
          </reporter-output>
        </test-method> <!-- forgot_password_submit_valid_case -->
        <test-method is-config="true" signature="exitbrowser()[pri:0, instance:com.bixbytes.qa.cbooster.testcases.ForgotPassword_Positive_Testcases@6771beb3]" started-at="2020-08-20T11:36:22 IST" name="exitbrowser" finished-at="2020-08-20T11:36:22 IST" duration-ms="171" status="PASS">
          <reporter-output>
          </reporter-output>
        </test-method> <!-- exitbrowser -->
      </class> <!-- com.bixbytes.qa.cbooster.testcases.ForgotPassword_Positive_Testcases -->
    </test> <!-- ForgotPasswordPositive -->
    <test started-at="2020-08-20T11:36:22 IST" name="ForgotPasswordNegative" finished-at="2020-08-20T11:36:22 IST" duration-ms="3">
    </test> <!-- ForgotPasswordNegative -->
    <test started-at="2020-08-20T11:36:22 IST" name="DashBoardPositive" finished-at="2020-08-20T11:37:18 IST" duration-ms="55955">
      <class name="com.bixbytes.qa.cbooster.testcases.DashBoard_Positive_Testcases">
        <test-method is-config="true" signature="setup()[pri:0, instance:com.bixbytes.qa.cbooster.testcases.DashBoard_Positive_Testcases@408d971b]" started-at="2020-08-20T11:36:22 IST" name="setup" finished-at="2020-08-20T11:36:37 IST" duration-ms="14523" status="PASS">
          <reporter-output>
          </reporter-output>
        </test-method> <!-- setup -->
        <test-method signature="dashboard_checktitle_action_case()[pri:1, instance:com.bixbytes.qa.cbooster.testcases.DashBoard_Positive_Testcases@408d971b]" started-at="2020-08-20T11:36:37 IST" name="dashboard_checktitle_action_case" finished-at="2020-08-20T11:37:17 IST" duration-ms="40066" status="FAIL">
          <exception class="org.openqa.selenium.NoSuchElementException">
            <message>
              <![CDATA[no such element: Unable to locate element: {"method":"xpath","selector":"//span[contains(text(),'Dashboard')]"}
  (Session info: chrome=84.0.4147.135)
For documentation on this error, please visit: https://www.seleniumhq.org/exceptions/no_such_element.html
Build info: version: '3.141.59', revision: 'e82be7d358', time: '2018-11-14T08:17:03'
System info: host: 'AVANEESH-PC', ip: '192.168.225.57', os.name: 'Windows 7', os.arch: 'amd64', os.version: '6.1', java.version: '14.0.2'
Driver info: org.openqa.selenium.chrome.ChromeDriver
Capabilities {acceptInsecureCerts: false, browserName: chrome, browserVersion: 84.0.4147.135, chrome: {chromedriverVersion: 84.0.4147.30 (48b3e868b4cc0..., userDataDir: C:\Users\OFFICE\AppData\Loc...}, goog:chromeOptions: {debuggerAddress: localhost:58751}, javascriptEnabled: true, networkConnectionEnabled: false, pageLoadStrategy: normal, platform: WINDOWS, platformName: WINDOWS, proxy: Proxy(), setWindowRect: true, strictFileInteractability: false, timeouts: {implicit: 0, pageLoad: 300000, script: 30000}, unhandledPromptBehavior: dismiss and notify, webauthn:virtualAuthenticators: true}
Session ID: 6ae48ce1aa5ddbfe2f0db2c2b947f271
*** Element info: {Using=xpath, value=//span[contains(text(),'Dashboard')]}]]>
            </message>
            <full-stacktrace>
              <![CDATA[org.openqa.selenium.NoSuchElementException: no such element: Unable to locate element: {"method":"xpath","selector":"//span[contains(text(),'Dashboard')]"}
  (Session info: chrome=84.0.4147.135)
For documentation on this error, please visit: https://www.seleniumhq.org/exceptions/no_such_element.html
Build info: version: '3.141.59', revision: 'e82be7d358', time: '2018-11-14T08:17:03'
System info: host: 'AVANEESH-PC', ip: '192.168.225.57', os.name: 'Windows 7', os.arch: 'amd64', os.version: '6.1', java.version: '14.0.2'
Driver info: org.openqa.selenium.chrome.ChromeDriver
Capabilities {acceptInsecureCerts: false, browserName: chrome, browserVersion: 84.0.4147.135, chrome: {chromedriverVersion: 84.0.4147.30 (48b3e868b4cc0..., userDataDir: C:\Users\OFFICE\AppData\Loc...}, goog:chromeOptions: {debuggerAddress: localhost:58751}, javascriptEnabled: true, networkConnectionEnabled: false, pageLoadStrategy: normal, platform: WINDOWS, platformName: WINDOWS, proxy: Proxy(), setWindowRect: true, strictFileInteractability: false, timeouts: {implicit: 0, pageLoad: 300000, script: 30000}, unhandledPromptBehavior: dismiss and notify, webauthn:virtualAuthenticators: true}
Session ID: 6ae48ce1aa5ddbfe2f0db2c2b947f271
*** Element info: {Using=xpath, value=//span[contains(text(),'Dashboard')]}
at java.base/jdk.internal.reflect.NativeConstructorAccessorImpl.newInstance0(Native Method)
at java.base/jdk.internal.reflect.NativeConstructorAccessorImpl.newInstance(NativeConstructorAccessorImpl.java:62)
at java.base/jdk.internal.reflect.DelegatingConstructorAccessorImpl.newInstance(DelegatingConstructorAccessorImpl.java:45)
at java.base/java.lang.reflect.Constructor.newInstanceWithCaller(Constructor.java:500)
at java.base/java.lang.reflect.Constructor.newInstance(Constructor.java:481)
at org.openqa.selenium.remote.http.W3CHttpResponseCodec.createException(W3CHttpResponseCodec.java:187)
at org.openqa.selenium.remote.http.W3CHttpResponseCodec.decode(W3CHttpResponseCodec.java:122)
at org.openqa.selenium.remote.http.W3CHttpResponseCodec.decode(W3CHttpResponseCodec.java:49)
at org.openqa.selenium.remote.HttpCommandExecutor.execute(HttpCommandExecutor.java:158)
at org.openqa.selenium.remote.service.DriverCommandExecutor.execute(DriverCommandExecutor.java:83)
at org.openqa.selenium.remote.RemoteWebDriver.execute(RemoteWebDriver.java:552)
at org.openqa.selenium.remote.RemoteWebDriver.findElement(RemoteWebDriver.java:323)
at org.openqa.selenium.remote.RemoteWebDriver.findElementByXPath(RemoteWebDriver.java:428)
at org.openqa.selenium.By$ByXPath.findElement(By.java:353)
at org.openqa.selenium.remote.RemoteWebDriver.findElement(RemoteWebDriver.java:315)
at org.openqa.selenium.support.pagefactory.DefaultElementLocator.findElement(DefaultElementLocator.java:69)
at org.openqa.selenium.support.pagefactory.internal.LocatingElementHandler.invoke(LocatingElementHandler.java:38)
at com.sun.proxy.$Proxy13.isDisplayed(Unknown Source)
at com.bixbytes.qa.cbooster.pagesactions.DashBoard.check_title_action(DashBoard.java:28)
at com.bixbytes.qa.cbooster.testcases.DashBoard_Positive_Testcases.dashboard_checktitle_action_case(DashBoard_Positive_Testcases.java:42)
at java.base/jdk.internal.reflect.NativeMethodAccessorImpl.invoke0(Native Method)
at java.base/jdk.internal.reflect.NativeMethodAccessorImpl.invoke(NativeMethodAccessorImpl.java:62)
at java.base/jdk.internal.reflect.DelegatingMethodAccessorImpl.invoke(DelegatingMethodAccessorImpl.java:43)
at java.base/java.lang.reflect.Method.invoke(Method.java:564)
at org.testng.internal.MethodInvocationHelper.invokeMethod(MethodInvocationHelper.java:135)
at org.testng.internal.TestInvoker.invokeMethod(TestInvoker.java:598)
at org.testng.internal.TestInvoker.invokeTestMethod(TestInvoker.java:174)
at org.testng.internal.MethodRunner.runInSequence(MethodRunner.java:46)
at org.testng.internal.TestInvoker$MethodInvocationAgent.invoke(TestInvoker.java:821)
at org.testng.internal.TestInvoker.invokeTestMethods(TestInvoker.java:147)
at org.testng.internal.TestMethodWorker.invokeTestMethods(TestMethodWorker.java:146)
at org.testng.internal.TestMethodWorker.run(TestMethodWorker.java:128)
at java.base/java.util.concurrent.ThreadPoolExecutor.runWorker(ThreadPoolExecutor.java:1130)
at java.base/java.util.concurrent.ThreadPoolExecutor$Worker.run(ThreadPoolExecutor.java:630)
at java.base/java.lang.Thread.run(Thread.java:832)
]]>
            </full-stacktrace>
          </exception> <!-- org.openqa.selenium.NoSuchElementException -->
          <reporter-output>
          </reporter-output>
        </test-method> <!-- dashboard_checktitle_action_case -->
        <test-method is-config="true" signature="exitbrowser()[pri:0, instance:com.bixbytes.qa.cbooster.testcases.DashBoard_Positive_Testcases@408d971b]" started-at="2020-08-20T11:37:17 IST" name="exitbrowser" finished-at="2020-08-20T11:37:18 IST" duration-ms="713" status="PASS">
          <reporter-output>
          </reporter-output>
        </test-method> <!-- exitbrowser -->
      </class> <!-- com.bixbytes.qa.cbooster.testcases.DashBoard_Positive_Testcases -->
    </test> <!-- DashBoardPositive -->
  </suite> <!-- CBoosterTestSuite -->
</testng-results>
