<?xml version="1.0" encoding="UTF-8"?>
<!-- Generated by org.testng.reporters.JUnitXMLReporter -->
<testsuite hostname="Avaneesh-PC" ignored="0" name="Admin Cases" tests="2" failures="1" timestamp="2020-08-05T13:02:35 IST" time="64.313" errors="0">
  <testcase name="checktitle_action_case" time="2.108" classname="com.bixbytes.qa.cbooster.testcases.SignIn_Positive_Testcases"/>
  <testcase name="login_case" time="2.061" classname="com.bixbytes.qa.cbooster.testcases.SignIn_Positive_Testcases">
    <failure type="java.lang.IllegalArgumentException" message="Keys to send should be a not null CharSequence">
      <![CDATA[java.lang.IllegalArgumentException: Keys to send should be a not null CharSequence
at org.openqa.selenium.remote.RemoteWebElement.sendKeys(RemoteWebElement.java:97)
at org.openqa.selenium.support.pagefactory.internal.LocatingElementHandler.invoke(LocatingElementHandler.java:51)
at com.sun.proxy.$Proxy9.sendKeys(Unknown Source)
at com.bixbytes.qa.cbooster.pagesactions.SignInPage.login_action(SignInPage.java:43)
at com.bixbytes.qa.cbooster.testcases.SignIn_Positive_Testcases.login_case(SignIn_Positive_Testcases.java:57)
at java.util.ArrayList.forEach(Unknown Source)
... Removed 31 stack frames]]>
    </failure>
  </testcase> <!-- login_case -->
</testsuite> <!-- Admin Cases -->
